
                         MODELLER 9.18, 2017/02/17, r11002

     PROTEIN STRUCTURE MODELLING BY SATISFACTION OF SPATIAL RESTRAINTS


                     Copyright(c) 1989-2017 Andrej Sali
                            All Rights Reserved

                             Written by A. Sali
                               with help from
              B. Webb, M.S. Madhusudhan, M-Y. Shen, G.Q. Dong,
          M.A. Marti-Renom, N. Eswar, F. Alber, M. Topf, B. Oliva,
             A. Fiser, R. Sanchez, B. Yerkovich, A. Badretdinov,
                     F. Melo, J.P. Overington, E. Feyfant
                 University of California, San Francisco, USA
                    Rockefeller University, New York, USA
                      Harvard University, Cambridge, USA
                   Imperial Cancer Research Fund, London, UK
              Birkbeck College, University of London, London, UK


Kind, OS, HostName, Kernel, Processor: 4, Linux german-xps 4.9.10-040910-generic x86_64
Date and time of compilation         : 2017/02/17 14:47:45
MODELLER executable type             : x86_64-intel8
Job starting time (YY/MM/DD HH:MM:SS): 2017/05/30 16:56:35

read_pd_478W> Residue  1:A, name  DC is marked as ATOM in restyp.lib but
              as HETATM in the PDB file. Modeller will treat this residue
              as a HETATM (BLK) residue. To treat it as ATOM, modify the
              PDB and mark at least one atom in this residue as ATOM.
read_pd_478W> Residue  2:A, name  DA is marked as ATOM in restyp.lib but
              as HETATM in the PDB file. Modeller will treat this residue
              as a HETATM (BLK) residue. To treat it as ATOM, modify the
              PDB and mark at least one atom in this residue as ATOM.
read_pd_478W> Residue  4:A, name  DT is marked as ATOM in restyp.lib but
              as HETATM in the PDB file. Modeller will treat this residue
              as a HETATM (BLK) residue. To treat it as ATOM, modify the
              PDB and mark at least one atom in this residue as ATOM.
read_pd_478W> Residue  9:A, name  DG is marked as ATOM in restyp.lib but
              as HETATM in the PDB file. Modeller will treat this residue
              as a HETATM (BLK) residue. To treat it as ATOM, modify the
              PDB and mark at least one atom in this residue as ATOM.
fndatmi_285W> Only      102 residues out of      122 contain atoms of type  CA
              (This is usually caused by non-standard residues, such
              as ligands, or by PDB files with missing atoms.)
fndatmi_285W> Only      102 residues out of      122 contain atoms of type  CA
              (This is usually caused by non-standard residues, such
              as ligands, or by PDB files with missing atoms.)

check_ali___> Checking the sequence-structure alignment. 

Implied intrachain target CA(i)-CA(i+1) distances longer than  8.0 angstroms:

ALN_POS  TMPL  RID1  RID2  NAM1  NAM2     DIST
----------------------------------------------
END OF TABLE
read_to_681_> topology.submodel read from topology file:        3
fndatmi_285W> Only      102 residues out of      122 contain atoms of type  CA
              (This is usually caused by non-standard residues, such
              as ligands, or by PDB files with missing atoms.)
mdtrsr__446W> A potential that relies on one protein is used, yet you have at
              least one known structure available. MDT, not library, potential is used.
iup2crm_280W> No topology library in memory or assigning a BLK residue.
              Default CHARMM atom type assigned:  P -->  C
              This message is written only for the first such atom.
412 atoms in HETATM/BLK residues constrained
to protein atoms within 2.30 angstroms
and protein CA atoms within 10.00 angstroms
412 atoms in residues without defined topology
constrained to be rigid bodies
condens_443_> Restraints marked for deletion were removed.
              Total number of restraints before, now:    23612    22856
iupac_m_397W> Atoms were not swapped because of the uncertainty of how to handle the H atom.
>> Model assessment by DOPE potential
iatmcls_286W> MODEL atom not classified:  LYS:OXT  LYS
iatmcls_286W> MODEL atom not classified:  LYS:OXT  LYS


>> ENERGY; Differences between the model's features and restraints:
Number of all residues in MODEL                   :      122
Number of all, selected real atoms                :     1290    1290
Number of all, selected pseudo atoms              :        0       0
Number of all static, selected restraints         :    22856   22856
COVALENT_CYS                                      :        F
NONBONDED_SEL_ATOMS                               :        1
Number of non-bonded pairs (excluding 1-2,1-3,1-4):   194376
Dynamic pairs routine                             : 1, NATM x NATM double loop
Atomic shift for contacts update (UPDATE_DYNAMIC) :    0.390
LENNARD_JONES_SWITCH                              :    6.500   7.500
COULOMB_JONES_SWITCH                              :    6.500   7.500
RESIDUE_SPAN_RANGE                                :        1    9999
NLOGN_USE                                         :       15
CONTACT_SHELL                                     :   15.000
DYNAMIC_PAIRS,_SPHERE,_COULOMB,_LENNARD,_MODELLER :        T       F       F       F       T
SPHERE_STDV                                       :    0.050
RADII_FACTOR                                      :    0.820
Current energy                                    :       -9324.5410




<< end of ENERGY.
DOPE score               : -9324.541016
>> Model assessment by GA341 potential

Surface library          : /usr/lib/modeller9.18/modlib/surf5.de
Pair library             : /usr/lib/modeller9.18/modlib/pair9.de
Chain identifier         : _
% sequence identity      :    52.459000
Sequence length          :           51
Compactness              :     0.406830
Native energy (pair)     :  -117.819456
Native energy (surface)  :    -3.634038
Native energy (combined) :   -11.229582
Z score (pair)           :    -3.632150
Z score (surface)        :    -3.425915
Z score (combined)       :    -4.832009
GA341 score              :     1.000000



>> ENERGY; Differences between the model's features and restraints:
Number of all residues in MODEL                   :      122
Number of all, selected real atoms                :     1290    1290
Number of all, selected pseudo atoms              :        0       0
Number of all static, selected restraints         :    22856   22856
COVALENT_CYS                                      :        F
NONBONDED_SEL_ATOMS                               :        1
Number of non-bonded pairs (excluding 1-2,1-3,1-4):     3027
Dynamic pairs routine                             : 2, NATM x NATM cell sorting
Atomic shift for contacts update (UPDATE_DYNAMIC) :    0.390
LENNARD_JONES_SWITCH                              :    6.500   7.500
COULOMB_JONES_SWITCH                              :    6.500   7.500
RESIDUE_SPAN_RANGE                                :        0   99999
NLOGN_USE                                         :       15
CONTACT_SHELL                                     :    4.000
DYNAMIC_PAIRS,_SPHERE,_COULOMB,_LENNARD,_MODELLER :        T       T       F       F       F
SPHERE_STDV                                       :    0.050
RADII_FACTOR                                      :    0.820
Current energy                                    :         615.9343





Summary of the restraint violations: 

   NUM     ... number of restraints.
   NUMVI   ... number of restraints with RVIOL > VIOL_REPORT_CUT[i].
   RVIOL   ... relative difference from the best value.
   NUMVP   ... number of restraints with -Ln(pdf) > VIOL_REPORT_CUT2[i].
   RMS_1   ... RMS(feature, minimally_violated_basis_restraint, NUMB).
   RMS_2   ... RMS(feature, best_value, NUMB).
   MOL.PDF ... scaled contribution to -Ln(Molecular pdf).

 #                     RESTRAINT_GROUP      NUM   NUMVI  NUMVP   RMS_1   RMS_2         MOL.PDF     S_i
------------------------------------------------------------------------------------------------------
 1 Bond length potential              :     892       0      0   0.005   0.005      4.9336       1.000
 2 Bond angle potential               :    1196       0      1   1.588   1.588      57.836       1.000
 3 Stereochemical cosine torsion poten:     542       0      2  41.322  41.322      141.68       1.000
 4 Stereochemical improper torsion pot:     338       0      0   1.167   1.167      8.3873       1.000
 5 Soft-sphere overlap restraints     :    3027       1     29   0.020   0.020      138.82       1.000
 6 Lennard-Jones 6-12 potential       :       0       0      0   0.000   0.000      0.0000       1.000
 7 Coulomb point-point electrostatic p:       0       0      0   0.000   0.000      0.0000       1.000
 8 H-bonding potential                :       0       0      0   0.000   0.000      0.0000       1.000
 9 Distance restraints 1 (CA-CA)      :    1264       0      0   0.110   0.110      13.681       1.000
10 Distance restraints 2 (N-O)        :    1387       0      0   0.144   0.144      25.203       1.000
11 Mainchain Phi dihedral restraints  :       0       0      0   0.000   0.000      0.0000       1.000
12 Mainchain Psi dihedral restraints  :       0       0      0   0.000   0.000      0.0000       1.000
13 Mainchain Omega dihedral restraints:     100       0      0   2.657   2.657      8.3226       1.000
14 Sidechain Chi_1 dihedral restraints:      94       0      0  76.546  76.546      25.134       1.000
15 Sidechain Chi_2 dihedral restraints:      80       0      1  73.194  73.194      27.542       1.000
16 Sidechain Chi_3 dihedral restraints:      50       0      1  73.233  73.233      38.407       1.000
17 Sidechain Chi_4 dihedral restraints:      24       0      0  95.890  95.890      16.339       1.000
18 Disulfide distance restraints      :       0       0      0   0.000   0.000      0.0000       1.000
19 Disulfide angle restraints         :       0       0      0   0.000   0.000      0.0000       1.000
20 Disulfide dihedral angle restraints:       0       0      0   0.000   0.000      0.0000       1.000
21 Lower bound distance restraints    :       0       0      0   0.000   0.000      0.0000       1.000
22 Upper bound distance restraints    :       0       0      0   0.000   0.000      0.0000       1.000
23 Distance restraints 3 (SDCH-MNCH)  :    1083       0      0   0.348   0.348      22.917       1.000
24 Sidechain Chi_5 dihedral restraints:       0       0      0   0.000   0.000      0.0000       1.000
25 Phi/Psi pair of dihedral restraints:      98       0      0   9.914   9.914     -104.33       1.000
26 Distance restraints 4 (SDCH-SDCH)  :     474       0      0   0.780   0.780      46.204       1.000
27 Distance restraints 5 (X-Y)        :   15234       0      0   0.028   0.028      144.85       1.000
28 NMR distance restraints 6 (X-Y)    :       0       0      0   0.000   0.000      0.0000       1.000
29 NMR distance restraints 7 (X-Y)    :       0       0      0   0.000   0.000      0.0000       1.000
30 Minimal distance restraints        :       0       0      0   0.000   0.000      0.0000       1.000
31 Non-bonded restraints              :       0       0      0   0.000   0.000      0.0000       1.000
32 Atomic accessibility restraints    :       0       0      0   0.000   0.000      0.0000       1.000
33 Atomic density restraints          :       0       0      0   0.000   0.000      0.0000       1.000
34 Absolute position restraints       :       0       0      0   0.000   0.000      0.0000       1.000
35 Dihedral angle difference restraint:       0       0      0   0.000   0.000      0.0000       1.000
36 GBSA implicit solvent potential    :       0       0      0   0.000   0.000      0.0000       1.000
37 EM density fitting potential       :       0       0      0   0.000   0.000      0.0000       1.000
38 SAXS restraints                    :       0       0      0   0.000   0.000      0.0000       1.000
39 Symmetry restraints                :       0       0      0   0.000   0.000      0.0000       1.000



# Heavy relative violation of each residue is written to: mp.V99990001
# The profile is NOT normalized by the number of restraints.
# The profiles are smoothed over a window of residues:    1
# The sum of all numbers in the file:   11769.9736



List of the violated restraints:
   A restraint is violated when the relative difference
   from the best value (RVIOL) is larger than CUTOFF.

   ICSR   ... index of a restraint in the current set.
   RESNO  ... residue numbers of the first two atoms.
   ATM    ... IUPAC atom names of the first two atoms.
   FEAT   ... the value of the feature in the model.
   restr  ... the mean of the basis restraint with the smallest
              difference from the model (local minimum).
   viol   ... difference from the local minimum.
   rviol  ... relative difference from the local minimum.
   RESTR  ... the best value (global minimum).
   VIOL   ... difference from the best value.
   RVIOL  ... relative difference from the best value.



report______> Distribution of short non-bonded contacts:


DISTANCE1:  0.00 2.10 2.20 2.30 2.40 2.50 2.60 2.70 2.80 2.90 3.00 3.10 3.20 3.30 3.40
DISTANCE2:  2.10 2.20 2.30 2.40 2.50 2.60 2.70 2.80 2.90 3.00 3.10 3.20 3.30 3.40 3.50
FREQUENCY:     0    0    0    0    0    9   56   75  102  113  117  121  186  260  234


<< end of ENERGY.
>> Model assessment by DOPE potential
iatmcls_286W> MODEL atom not classified:  LYS:OXT  LYS
iatmcls_286W> MODEL atom not classified:  LYS:OXT  LYS


>> ENERGY; Differences between the model's features and restraints:
Number of all residues in MODEL                   :      122
Number of all, selected real atoms                :     1290    1290
Number of all, selected pseudo atoms              :        0       0
Number of all static, selected restraints         :    22856   22856
COVALENT_CYS                                      :        F
NONBONDED_SEL_ATOMS                               :        1
Number of non-bonded pairs (excluding 1-2,1-3,1-4):   193226
Dynamic pairs routine                             : 1, NATM x NATM double loop
Atomic shift for contacts update (UPDATE_DYNAMIC) :    0.390
LENNARD_JONES_SWITCH                              :    6.500   7.500
COULOMB_JONES_SWITCH                              :    6.500   7.500
RESIDUE_SPAN_RANGE                                :        1    9999
NLOGN_USE                                         :       15
CONTACT_SHELL                                     :   15.000
DYNAMIC_PAIRS,_SPHERE,_COULOMB,_LENNARD,_MODELLER :        T       F       F       F       T
SPHERE_STDV                                       :    0.050
RADII_FACTOR                                      :    0.820
Current energy                                    :       -9437.7559




<< end of ENERGY.
DOPE score               : -9437.755859
>> Model assessment by GA341 potential

Surface library          : /usr/lib/modeller9.18/modlib/surf5.de
Pair library             : /usr/lib/modeller9.18/modlib/pair9.de
Chain identifier         : _
% sequence identity      :    52.459000
Sequence length          :           51
Compactness              :     0.410411
Native energy (pair)     :  -127.223876
Native energy (surface)  :    -4.034784
Native energy (combined) :   -12.197652
Z score (pair)           :    -3.885340
Z score (surface)        :    -3.720391
Z score (combined)       :    -4.683020
GA341 score              :     1.000000



>> ENERGY; Differences between the model's features and restraints:
Number of all residues in MODEL                   :      122
Number of all, selected real atoms                :     1290    1290
Number of all, selected pseudo atoms              :        0       0
Number of all static, selected restraints         :    22856   22856
COVALENT_CYS                                      :        F
NONBONDED_SEL_ATOMS                               :        1
Number of non-bonded pairs (excluding 1-2,1-3,1-4):     2936
Dynamic pairs routine                             : 2, NATM x NATM cell sorting
Atomic shift for contacts update (UPDATE_DYNAMIC) :    0.390
LENNARD_JONES_SWITCH                              :    6.500   7.500
COULOMB_JONES_SWITCH                              :    6.500   7.500
RESIDUE_SPAN_RANGE                                :        0   99999
NLOGN_USE                                         :       15
CONTACT_SHELL                                     :    4.000
DYNAMIC_PAIRS,_SPHERE,_COULOMB,_LENNARD,_MODELLER :        T       T       F       F       F
SPHERE_STDV                                       :    0.050
RADII_FACTOR                                      :    0.820
Current energy                                    :         623.7766





Summary of the restraint violations: 

   NUM     ... number of restraints.
   NUMVI   ... number of restraints with RVIOL > VIOL_REPORT_CUT[i].
   RVIOL   ... relative difference from the best value.
   NUMVP   ... number of restraints with -Ln(pdf) > VIOL_REPORT_CUT2[i].
   RMS_1   ... RMS(feature, minimally_violated_basis_restraint, NUMB).
   RMS_2   ... RMS(feature, best_value, NUMB).
   MOL.PDF ... scaled contribution to -Ln(Molecular pdf).

 #                     RESTRAINT_GROUP      NUM   NUMVI  NUMVP   RMS_1   RMS_2         MOL.PDF     S_i
------------------------------------------------------------------------------------------------------
 1 Bond length potential              :     892       0      0   0.004   0.004      3.9891       1.000
 2 Bond angle potential               :    1196       0      0   1.501   1.501      52.412       1.000
 3 Stereochemical cosine torsion poten:     542       0      2  41.547  41.547      143.69       1.000
 4 Stereochemical improper torsion pot:     338       0      0   1.115   1.115      7.6969       1.000
 5 Soft-sphere overlap restraints     :    2936       1     26   0.020   0.020      137.27       1.000
 6 Lennard-Jones 6-12 potential       :       0       0      0   0.000   0.000      0.0000       1.000
 7 Coulomb point-point electrostatic p:       0       0      0   0.000   0.000      0.0000       1.000
 8 H-bonding potential                :       0       0      0   0.000   0.000      0.0000       1.000
 9 Distance restraints 1 (CA-CA)      :    1264       0      0   0.093   0.093      10.049       1.000
10 Distance restraints 2 (N-O)        :    1387       0      0   0.128   0.128      20.171       1.000
11 Mainchain Phi dihedral restraints  :       0       0      0   0.000   0.000      0.0000       1.000
12 Mainchain Psi dihedral restraints  :       0       0      0   0.000   0.000      0.0000       1.000
13 Mainchain Omega dihedral restraints:     100       0      0   2.513   2.513      7.4483       1.000
14 Sidechain Chi_1 dihedral restraints:      94       0      3  76.472  76.472      29.999       1.000
15 Sidechain Chi_2 dihedral restraints:      80       0      1  71.663  71.663      29.782       1.000
16 Sidechain Chi_3 dihedral restraints:      50       0      0  80.296  80.296      36.841       1.000
17 Sidechain Chi_4 dihedral restraints:      24       0      0 103.625 103.625      15.974       1.000
18 Disulfide distance restraints      :       0       0      0   0.000   0.000      0.0000       1.000
19 Disulfide angle restraints         :       0       0      0   0.000   0.000      0.0000       1.000
20 Disulfide dihedral angle restraints:       0       0      0   0.000   0.000      0.0000       1.000
21 Lower bound distance restraints    :       0       0      0   0.000   0.000      0.0000       1.000
22 Upper bound distance restraints    :       0       0      0   0.000   0.000      0.0000       1.000
23 Distance restraints 3 (SDCH-MNCH)  :    1083       0      0   0.359   0.359      26.707       1.000
24 Sidechain Chi_5 dihedral restraints:       0       0      0   0.000   0.000      0.0000       1.000
25 Phi/Psi pair of dihedral restraints:      98       0      0   9.631   9.631     -104.57       1.000
26 Distance restraints 4 (SDCH-SDCH)  :     474       0      1   0.825   0.825      49.012       1.000
27 Distance restraints 5 (X-Y)        :   15234       0      1   0.030   0.030      157.31       1.000
28 NMR distance restraints 6 (X-Y)    :       0       0      0   0.000   0.000      0.0000       1.000
29 NMR distance restraints 7 (X-Y)    :       0       0      0   0.000   0.000      0.0000       1.000
30 Minimal distance restraints        :       0       0      0   0.000   0.000      0.0000       1.000
31 Non-bonded restraints              :       0       0      0   0.000   0.000      0.0000       1.000
32 Atomic accessibility restraints    :       0       0      0   0.000   0.000      0.0000       1.000
33 Atomic density restraints          :       0       0      0   0.000   0.000      0.0000       1.000
34 Absolute position restraints       :       0       0      0   0.000   0.000      0.0000       1.000
35 Dihedral angle difference restraint:       0       0      0   0.000   0.000      0.0000       1.000
36 GBSA implicit solvent potential    :       0       0      0   0.000   0.000      0.0000       1.000
37 EM density fitting potential       :       0       0      0   0.000   0.000      0.0000       1.000
38 SAXS restraints                    :       0       0      0   0.000   0.000      0.0000       1.000
39 Symmetry restraints                :       0       0      0   0.000   0.000      0.0000       1.000



# Heavy relative violation of each residue is written to: mp.V99990002
# The profile is NOT normalized by the number of restraints.
# The profiles are smoothed over a window of residues:    1
# The sum of all numbers in the file:   11996.9863



List of the violated restraints:
   A restraint is violated when the relative difference
   from the best value (RVIOL) is larger than CUTOFF.

   ICSR   ... index of a restraint in the current set.
   RESNO  ... residue numbers of the first two atoms.
   ATM    ... IUPAC atom names of the first two atoms.
   FEAT   ... the value of the feature in the model.
   restr  ... the mean of the basis restraint with the smallest
              difference from the model (local minimum).
   viol   ... difference from the local minimum.
   rviol  ... relative difference from the local minimum.
   RESTR  ... the best value (global minimum).
   VIOL   ... difference from the best value.
   RVIOL  ... relative difference from the best value.



report______> Distribution of short non-bonded contacts:


DISTANCE1:  0.00 2.10 2.20 2.30 2.40 2.50 2.60 2.70 2.80 2.90 3.00 3.10 3.20 3.30 3.40
DISTANCE2:  2.10 2.20 2.30 2.40 2.50 2.60 2.70 2.80 2.90 3.00 3.10 3.20 3.30 3.40 3.50
FREQUENCY:     0    0    0    0    0   14   46   71   83  113  104  149  171  250  204


<< end of ENERGY.
>> Model assessment by DOPE potential
iatmcls_286W> MODEL atom not classified:  LYS:OXT  LYS
iatmcls_286W> MODEL atom not classified:  LYS:OXT  LYS


>> ENERGY; Differences between the model's features and restraints:
Number of all residues in MODEL                   :      122
Number of all, selected real atoms                :     1290    1290
Number of all, selected pseudo atoms              :        0       0
Number of all static, selected restraints         :    22856   22856
COVALENT_CYS                                      :        F
NONBONDED_SEL_ATOMS                               :        1
Number of non-bonded pairs (excluding 1-2,1-3,1-4):   194417
Dynamic pairs routine                             : 1, NATM x NATM double loop
Atomic shift for contacts update (UPDATE_DYNAMIC) :    0.390
LENNARD_JONES_SWITCH                              :    6.500   7.500
COULOMB_JONES_SWITCH                              :    6.500   7.500
RESIDUE_SPAN_RANGE                                :        1    9999
NLOGN_USE                                         :       15
CONTACT_SHELL                                     :   15.000
DYNAMIC_PAIRS,_SPHERE,_COULOMB,_LENNARD,_MODELLER :        T       F       F       F       T
SPHERE_STDV                                       :    0.050
RADII_FACTOR                                      :    0.820
Current energy                                    :       -9405.7520




<< end of ENERGY.
DOPE score               : -9405.751953
>> Model assessment by GA341 potential

Surface library          : /usr/lib/modeller9.18/modlib/surf5.de
Pair library             : /usr/lib/modeller9.18/modlib/pair9.de
Chain identifier         : _
% sequence identity      :    52.459000
Sequence length          :           51
Compactness              :     0.409873
Native energy (pair)     :  -121.996534
Native energy (surface)  :    -3.631387
Native energy (combined) :   -11.666489
Z score (pair)           :    -3.849968
Z score (surface)        :    -3.578985
Z score (combined)       :    -4.562579
GA341 score              :     0.999998



>> ENERGY; Differences between the model's features and restraints:
Number of all residues in MODEL                   :      122
Number of all, selected real atoms                :     1290    1290
Number of all, selected pseudo atoms              :        0       0
Number of all static, selected restraints         :    22856   22856
COVALENT_CYS                                      :        F
NONBONDED_SEL_ATOMS                               :        1
Number of non-bonded pairs (excluding 1-2,1-3,1-4):     2982
Dynamic pairs routine                             : 2, NATM x NATM cell sorting
Atomic shift for contacts update (UPDATE_DYNAMIC) :    0.390
LENNARD_JONES_SWITCH                              :    6.500   7.500
COULOMB_JONES_SWITCH                              :    6.500   7.500
RESIDUE_SPAN_RANGE                                :        0   99999
NLOGN_USE                                         :       15
CONTACT_SHELL                                     :    4.000
DYNAMIC_PAIRS,_SPHERE,_COULOMB,_LENNARD,_MODELLER :        T       T       F       F       F
SPHERE_STDV                                       :    0.050
RADII_FACTOR                                      :    0.820
Current energy                                    :         620.2925





Summary of the restraint violations: 

   NUM     ... number of restraints.
   NUMVI   ... number of restraints with RVIOL > VIOL_REPORT_CUT[i].
   RVIOL   ... relative difference from the best value.
   NUMVP   ... number of restraints with -Ln(pdf) > VIOL_REPORT_CUT2[i].
   RMS_1   ... RMS(feature, minimally_violated_basis_restraint, NUMB).
   RMS_2   ... RMS(feature, best_value, NUMB).
   MOL.PDF ... scaled contribution to -Ln(Molecular pdf).

 #                     RESTRAINT_GROUP      NUM   NUMVI  NUMVP   RMS_1   RMS_2         MOL.PDF     S_i
------------------------------------------------------------------------------------------------------
 1 Bond length potential              :     892       0      0   0.004   0.004      3.6105       1.000
 2 Bond angle potential               :    1196       0      0   1.560   1.560      55.990       1.000
 3 Stereochemical cosine torsion poten:     542       0      1  40.259  40.259      139.29       1.000
 4 Stereochemical improper torsion pot:     338       0      0   1.132   1.132      7.8141       1.000
 5 Soft-sphere overlap restraints     :    2982       1     31   0.020   0.020      141.10       1.000
 6 Lennard-Jones 6-12 potential       :       0       0      0   0.000   0.000      0.0000       1.000
 7 Coulomb point-point electrostatic p:       0       0      0   0.000   0.000      0.0000       1.000
 8 H-bonding potential                :       0       0      0   0.000   0.000      0.0000       1.000
 9 Distance restraints 1 (CA-CA)      :    1264       0      0   0.104   0.104      13.359       1.000
10 Distance restraints 2 (N-O)        :    1387       0      0   0.125   0.125      19.264       1.000
11 Mainchain Phi dihedral restraints  :       0       0      0   0.000   0.000      0.0000       1.000
12 Mainchain Psi dihedral restraints  :       0       0      0   0.000   0.000      0.0000       1.000
13 Mainchain Omega dihedral restraints:     100       0      0   2.652   2.652      8.2923       1.000
14 Sidechain Chi_1 dihedral restraints:      94       0      1  79.876  79.876      27.474       1.000
15 Sidechain Chi_2 dihedral restraints:      80       0      2  71.353  71.353      30.286       1.000
16 Sidechain Chi_3 dihedral restraints:      50       0      0  65.097  65.097      39.456       1.000
17 Sidechain Chi_4 dihedral restraints:      24       0      0  95.879  95.879      16.316       1.000
18 Disulfide distance restraints      :       0       0      0   0.000   0.000      0.0000       1.000
19 Disulfide angle restraints         :       0       0      0   0.000   0.000      0.0000       1.000
20 Disulfide dihedral angle restraints:       0       0      0   0.000   0.000      0.0000       1.000
21 Lower bound distance restraints    :       0       0      0   0.000   0.000      0.0000       1.000
22 Upper bound distance restraints    :       0       0      0   0.000   0.000      0.0000       1.000
23 Distance restraints 3 (SDCH-MNCH)  :    1083       0      0   0.402   0.402      30.464       1.000
24 Sidechain Chi_5 dihedral restraints:       0       0      0   0.000   0.000      0.0000       1.000
25 Phi/Psi pair of dihedral restraints:      98       0      0   9.549   9.549     -103.83       1.000
26 Distance restraints 4 (SDCH-SDCH)  :     474       0      0   0.834   0.834      48.476       1.000
27 Distance restraints 5 (X-Y)        :   15234       0      0   0.028   0.028      142.93       1.000
28 NMR distance restraints 6 (X-Y)    :       0       0      0   0.000   0.000      0.0000       1.000
29 NMR distance restraints 7 (X-Y)    :       0       0      0   0.000   0.000      0.0000       1.000
30 Minimal distance restraints        :       0       0      0   0.000   0.000      0.0000       1.000
31 Non-bonded restraints              :       0       0      0   0.000   0.000      0.0000       1.000
32 Atomic accessibility restraints    :       0       0      0   0.000   0.000      0.0000       1.000
33 Atomic density restraints          :       0       0      0   0.000   0.000      0.0000       1.000
34 Absolute position restraints       :       0       0      0   0.000   0.000      0.0000       1.000
35 Dihedral angle difference restraint:       0       0      0   0.000   0.000      0.0000       1.000
36 GBSA implicit solvent potential    :       0       0      0   0.000   0.000      0.0000       1.000
37 EM density fitting potential       :       0       0      0   0.000   0.000      0.0000       1.000
38 SAXS restraints                    :       0       0      0   0.000   0.000      0.0000       1.000
39 Symmetry restraints                :       0       0      0   0.000   0.000      0.0000       1.000



# Heavy relative violation of each residue is written to: mp.V99990003
# The profile is NOT normalized by the number of restraints.
# The profiles are smoothed over a window of residues:    1
# The sum of all numbers in the file:   12003.3604



List of the violated restraints:
   A restraint is violated when the relative difference
   from the best value (RVIOL) is larger than CUTOFF.

   ICSR   ... index of a restraint in the current set.
   RESNO  ... residue numbers of the first two atoms.
   ATM    ... IUPAC atom names of the first two atoms.
   FEAT   ... the value of the feature in the model.
   restr  ... the mean of the basis restraint with the smallest
              difference from the model (local minimum).
   viol   ... difference from the local minimum.
   rviol  ... relative difference from the local minimum.
   RESTR  ... the best value (global minimum).
   VIOL   ... difference from the best value.
   RVIOL  ... relative difference from the best value.



report______> Distribution of short non-bonded contacts:


DISTANCE1:  0.00 2.10 2.20 2.30 2.40 2.50 2.60 2.70 2.80 2.90 3.00 3.10 3.20 3.30 3.40
DISTANCE2:  2.10 2.20 2.30 2.40 2.50 2.60 2.70 2.80 2.90 3.00 3.10 3.20 3.30 3.40 3.50
FREQUENCY:     0    0    0    0    0   15   48   68   94  111   98  128  179  246  212


<< end of ENERGY.
>> Model assessment by DOPE potential
iatmcls_286W> MODEL atom not classified:  LYS:OXT  LYS
iatmcls_286W> MODEL atom not classified:  LYS:OXT  LYS


>> ENERGY; Differences between the model's features and restraints:
Number of all residues in MODEL                   :      122
Number of all, selected real atoms                :     1290    1290
Number of all, selected pseudo atoms              :        0       0
Number of all static, selected restraints         :    22856   22856
COVALENT_CYS                                      :        F
NONBONDED_SEL_ATOMS                               :        1
Number of non-bonded pairs (excluding 1-2,1-3,1-4):   193549
Dynamic pairs routine                             : 1, NATM x NATM double loop
Atomic shift for contacts update (UPDATE_DYNAMIC) :    0.390
LENNARD_JONES_SWITCH                              :    6.500   7.500
COULOMB_JONES_SWITCH                              :    6.500   7.500
RESIDUE_SPAN_RANGE                                :        1    9999
NLOGN_USE                                         :       15
CONTACT_SHELL                                     :   15.000
DYNAMIC_PAIRS,_SPHERE,_COULOMB,_LENNARD,_MODELLER :        T       F       F       F       T
SPHERE_STDV                                       :    0.050
RADII_FACTOR                                      :    0.820
Current energy                                    :       -9542.3174




<< end of ENERGY.
DOPE score               : -9542.317383
>> Model assessment by GA341 potential

Surface library          : /usr/lib/modeller9.18/modlib/surf5.de
Pair library             : /usr/lib/modeller9.18/modlib/pair9.de
Chain identifier         : _
% sequence identity      :    52.459000
Sequence length          :           51
Compactness              :     0.407448
Native energy (pair)     :  -128.317481
Native energy (surface)  :    -3.968743
Native energy (combined) :   -12.351139
Z score (pair)           :    -3.767610
Z score (surface)        :    -3.766840
Z score (combined)       :    -4.617658
GA341 score              :     0.999999



>> ENERGY; Differences between the model's features and restraints:
Number of all residues in MODEL                   :      122
Number of all, selected real atoms                :     1290    1290
Number of all, selected pseudo atoms              :        0       0
Number of all static, selected restraints         :    22856   22856
COVALENT_CYS                                      :        F
NONBONDED_SEL_ATOMS                               :        1
Number of non-bonded pairs (excluding 1-2,1-3,1-4):     3005
Dynamic pairs routine                             : 2, NATM x NATM cell sorting
Atomic shift for contacts update (UPDATE_DYNAMIC) :    0.390
LENNARD_JONES_SWITCH                              :    6.500   7.500
COULOMB_JONES_SWITCH                              :    6.500   7.500
RESIDUE_SPAN_RANGE                                :        0   99999
NLOGN_USE                                         :       15
CONTACT_SHELL                                     :    4.000
DYNAMIC_PAIRS,_SPHERE,_COULOMB,_LENNARD,_MODELLER :        T       T       F       F       F
SPHERE_STDV                                       :    0.050
RADII_FACTOR                                      :    0.820
Current energy                                    :         621.0408





Summary of the restraint violations: 

   NUM     ... number of restraints.
   NUMVI   ... number of restraints with RVIOL > VIOL_REPORT_CUT[i].
   RVIOL   ... relative difference from the best value.
   NUMVP   ... number of restraints with -Ln(pdf) > VIOL_REPORT_CUT2[i].
   RMS_1   ... RMS(feature, minimally_violated_basis_restraint, NUMB).
   RMS_2   ... RMS(feature, best_value, NUMB).
   MOL.PDF ... scaled contribution to -Ln(Molecular pdf).

 #                     RESTRAINT_GROUP      NUM   NUMVI  NUMVP   RMS_1   RMS_2         MOL.PDF     S_i
------------------------------------------------------------------------------------------------------
 1 Bond length potential              :     892       0      0   0.004   0.004      3.4477       1.000
 2 Bond angle potential               :    1196       0      0   1.528   1.528      54.151       1.000
 3 Stereochemical cosine torsion poten:     542       0      0  40.073  40.073      140.06       1.000
 4 Stereochemical improper torsion pot:     338       0      0   1.064   1.064      7.0718       1.000
 5 Soft-sphere overlap restraints     :    3005       1     30   0.020   0.020      143.89       1.000
 6 Lennard-Jones 6-12 potential       :       0       0      0   0.000   0.000      0.0000       1.000
 7 Coulomb point-point electrostatic p:       0       0      0   0.000   0.000      0.0000       1.000
 8 H-bonding potential                :       0       0      0   0.000   0.000      0.0000       1.000
 9 Distance restraints 1 (CA-CA)      :    1264       0      0   0.100   0.100      11.773       1.000
10 Distance restraints 2 (N-O)        :    1387       0      0   0.127   0.127      19.830       1.000
11 Mainchain Phi dihedral restraints  :       0       0      0   0.000   0.000      0.0000       1.000
12 Mainchain Psi dihedral restraints  :       0       0      0   0.000   0.000      0.0000       1.000
13 Mainchain Omega dihedral restraints:     100       0      0   2.817   2.817      9.3603       1.000
14 Sidechain Chi_1 dihedral restraints:      94       0      1  80.866  80.866      35.065       1.000
15 Sidechain Chi_2 dihedral restraints:      80       0      2  73.793  73.793      29.597       1.000
16 Sidechain Chi_3 dihedral restraints:      50       0      0  77.466  77.466      37.258       1.000
17 Sidechain Chi_4 dihedral restraints:      24       0      0  95.639  95.639      13.831       1.000
18 Disulfide distance restraints      :       0       0      0   0.000   0.000      0.0000       1.000
19 Disulfide angle restraints         :       0       0      0   0.000   0.000      0.0000       1.000
20 Disulfide dihedral angle restraints:       0       0      0   0.000   0.000      0.0000       1.000
21 Lower bound distance restraints    :       0       0      0   0.000   0.000      0.0000       1.000
22 Upper bound distance restraints    :       0       0      0   0.000   0.000      0.0000       1.000
23 Distance restraints 3 (SDCH-MNCH)  :    1083       0      0   0.408   0.408      32.894       1.000
24 Sidechain Chi_5 dihedral restraints:       0       0      0   0.000   0.000      0.0000       1.000
25 Phi/Psi pair of dihedral restraints:      98       0      0   9.866   9.866     -104.11       1.000
26 Distance restraints 4 (SDCH-SDCH)  :     474       0      0   0.893   0.893      55.372       1.000
27 Distance restraints 5 (X-Y)        :   15234       0      0   0.026   0.026      131.54       1.000
28 NMR distance restraints 6 (X-Y)    :       0       0      0   0.000   0.000      0.0000       1.000
29 NMR distance restraints 7 (X-Y)    :       0       0      0   0.000   0.000      0.0000       1.000
30 Minimal distance restraints        :       0       0      0   0.000   0.000      0.0000       1.000
31 Non-bonded restraints              :       0       0      0   0.000   0.000      0.0000       1.000
32 Atomic accessibility restraints    :       0       0      0   0.000   0.000      0.0000       1.000
33 Atomic density restraints          :       0       0      0   0.000   0.000      0.0000       1.000
34 Absolute position restraints       :       0       0      0   0.000   0.000      0.0000       1.000
35 Dihedral angle difference restraint:       0       0      0   0.000   0.000      0.0000       1.000
36 GBSA implicit solvent potential    :       0       0      0   0.000   0.000      0.0000       1.000
37 EM density fitting potential       :       0       0      0   0.000   0.000      0.0000       1.000
38 SAXS restraints                    :       0       0      0   0.000   0.000      0.0000       1.000
39 Symmetry restraints                :       0       0      0   0.000   0.000      0.0000       1.000



# Heavy relative violation of each residue is written to: mp.V99990004
# The profile is NOT normalized by the number of restraints.
# The profiles are smoothed over a window of residues:    1
# The sum of all numbers in the file:   11732.9834



List of the violated restraints:
   A restraint is violated when the relative difference
   from the best value (RVIOL) is larger than CUTOFF.

   ICSR   ... index of a restraint in the current set.
   RESNO  ... residue numbers of the first two atoms.
   ATM    ... IUPAC atom names of the first two atoms.
   FEAT   ... the value of the feature in the model.
   restr  ... the mean of the basis restraint with the smallest
              difference from the model (local minimum).
   viol   ... difference from the local minimum.
   rviol  ... relative difference from the local minimum.
   RESTR  ... the best value (global minimum).
   VIOL   ... difference from the best value.
   RVIOL  ... relative difference from the best value.



report______> Distribution of short non-bonded contacts:


DISTANCE1:  0.00 2.10 2.20 2.30 2.40 2.50 2.60 2.70 2.80 2.90 3.00 3.10 3.20 3.30 3.40
DISTANCE2:  2.10 2.20 2.30 2.40 2.50 2.60 2.70 2.80 2.90 3.00 3.10 3.20 3.30 3.40 3.50
FREQUENCY:     0    0    0    0    0   11   55   66   90  126   95  138  193  243  196


<< end of ENERGY.
iupac_m_397W> Atoms were not swapped because of the uncertainty of how to handle the H atom.
>> Model assessment by DOPE potential
iatmcls_286W> MODEL atom not classified:  LYS:OXT  LYS
iatmcls_286W> MODEL atom not classified:  LYS:OXT  LYS


>> ENERGY; Differences between the model's features and restraints:
Number of all residues in MODEL                   :      122
Number of all, selected real atoms                :     1290    1290
Number of all, selected pseudo atoms              :        0       0
Number of all static, selected restraints         :    22856   22856
COVALENT_CYS                                      :        F
NONBONDED_SEL_ATOMS                               :        1
Number of non-bonded pairs (excluding 1-2,1-3,1-4):   194598
Dynamic pairs routine                             : 1, NATM x NATM double loop
Atomic shift for contacts update (UPDATE_DYNAMIC) :    0.390
LENNARD_JONES_SWITCH                              :    6.500   7.500
COULOMB_JONES_SWITCH                              :    6.500   7.500
RESIDUE_SPAN_RANGE                                :        1    9999
NLOGN_USE                                         :       15
CONTACT_SHELL                                     :   15.000
DYNAMIC_PAIRS,_SPHERE,_COULOMB,_LENNARD,_MODELLER :        T       F       F       F       T
SPHERE_STDV                                       :    0.050
RADII_FACTOR                                      :    0.820
Current energy                                    :       -9394.4053




<< end of ENERGY.
DOPE score               : -9394.405273
>> Model assessment by GA341 potential

Surface library          : /usr/lib/modeller9.18/modlib/surf5.de
Pair library             : /usr/lib/modeller9.18/modlib/pair9.de
Chain identifier         : _
% sequence identity      :    52.459000
Sequence length          :           51
Compactness              :     0.410360
Native energy (pair)     :  -124.748730
Native energy (surface)  :    -3.420088
Native energy (combined) :   -11.536880
Z score (pair)           :    -3.788341
Z score (surface)        :    -3.440786
Z score (combined)       :    -4.480583
GA341 score              :     0.999993



>> ENERGY; Differences between the model's features and restraints:
Number of all residues in MODEL                   :      122
Number of all, selected real atoms                :     1290    1290
Number of all, selected pseudo atoms              :        0       0
Number of all static, selected restraints         :    22856   22856
COVALENT_CYS                                      :        F
NONBONDED_SEL_ATOMS                               :        1
Number of non-bonded pairs (excluding 1-2,1-3,1-4):     3003
Dynamic pairs routine                             : 2, NATM x NATM cell sorting
Atomic shift for contacts update (UPDATE_DYNAMIC) :    0.390
LENNARD_JONES_SWITCH                              :    6.500   7.500
COULOMB_JONES_SWITCH                              :    6.500   7.500
RESIDUE_SPAN_RANGE                                :        0   99999
NLOGN_USE                                         :       15
CONTACT_SHELL                                     :    4.000
DYNAMIC_PAIRS,_SPHERE,_COULOMB,_LENNARD,_MODELLER :        T       T       F       F       F
SPHERE_STDV                                       :    0.050
RADII_FACTOR                                      :    0.820
Current energy                                    :         650.7237





Summary of the restraint violations: 

   NUM     ... number of restraints.
   NUMVI   ... number of restraints with RVIOL > VIOL_REPORT_CUT[i].
   RVIOL   ... relative difference from the best value.
   NUMVP   ... number of restraints with -Ln(pdf) > VIOL_REPORT_CUT2[i].
   RMS_1   ... RMS(feature, minimally_violated_basis_restraint, NUMB).
   RMS_2   ... RMS(feature, best_value, NUMB).
   MOL.PDF ... scaled contribution to -Ln(Molecular pdf).

 #                     RESTRAINT_GROUP      NUM   NUMVI  NUMVP   RMS_1   RMS_2         MOL.PDF     S_i
------------------------------------------------------------------------------------------------------
 1 Bond length potential              :     892       0      0   0.004   0.004      4.4334       1.000
 2 Bond angle potential               :    1196       0      0   1.578   1.578      58.254       1.000
 3 Stereochemical cosine torsion poten:     542       0      0  40.619  40.619      141.20       1.000
 4 Stereochemical improper torsion pot:     338       0      0   1.231   1.231      9.2498       1.000
 5 Soft-sphere overlap restraints     :    3003       1     29   0.020   0.020      140.65       1.000
 6 Lennard-Jones 6-12 potential       :       0       0      0   0.000   0.000      0.0000       1.000
 7 Coulomb point-point electrostatic p:       0       0      0   0.000   0.000      0.0000       1.000
 8 H-bonding potential                :       0       0      0   0.000   0.000      0.0000       1.000
 9 Distance restraints 1 (CA-CA)      :    1264       0      0   0.104   0.104      12.639       1.000
10 Distance restraints 2 (N-O)        :    1387       0      0   0.130   0.130      21.049       1.000
11 Mainchain Phi dihedral restraints  :       0       0      0   0.000   0.000      0.0000       1.000
12 Mainchain Psi dihedral restraints  :       0       0      0   0.000   0.000      0.0000       1.000
13 Mainchain Omega dihedral restraints:     100       0      0   2.468   2.468      7.1807       1.000
14 Sidechain Chi_1 dihedral restraints:      94       0      1  82.691  82.691      34.578       1.000
15 Sidechain Chi_2 dihedral restraints:      80       0      2  70.670  70.670      32.215       1.000
16 Sidechain Chi_3 dihedral restraints:      50       0      0  78.350  78.350      38.394       1.000
17 Sidechain Chi_4 dihedral restraints:      24       0      0 114.360 114.360      16.897       1.000
18 Disulfide distance restraints      :       0       0      0   0.000   0.000      0.0000       1.000
19 Disulfide angle restraints         :       0       0      0   0.000   0.000      0.0000       1.000
20 Disulfide dihedral angle restraints:       0       0      0   0.000   0.000      0.0000       1.000
21 Lower bound distance restraints    :       0       0      0   0.000   0.000      0.0000       1.000
22 Upper bound distance restraints    :       0       0      0   0.000   0.000      0.0000       1.000
23 Distance restraints 3 (SDCH-MNCH)  :    1083       0      0   0.361   0.361      26.062       1.000
24 Sidechain Chi_5 dihedral restraints:       0       0      0   0.000   0.000      0.0000       1.000
25 Phi/Psi pair of dihedral restraints:      98       0      0   9.645   9.645     -104.43       1.000
26 Distance restraints 4 (SDCH-SDCH)  :     474       0      0   0.855   0.855      53.715       1.000
27 Distance restraints 5 (X-Y)        :   15234       0      1   0.030   0.030      158.63       1.000
28 NMR distance restraints 6 (X-Y)    :       0       0      0   0.000   0.000      0.0000       1.000
29 NMR distance restraints 7 (X-Y)    :       0       0      0   0.000   0.000      0.0000       1.000
30 Minimal distance restraints        :       0       0      0   0.000   0.000      0.0000       1.000
31 Non-bonded restraints              :       0       0      0   0.000   0.000      0.0000       1.000
32 Atomic accessibility restraints    :       0       0      0   0.000   0.000      0.0000       1.000
33 Atomic density restraints          :       0       0      0   0.000   0.000      0.0000       1.000
34 Absolute position restraints       :       0       0      0   0.000   0.000      0.0000       1.000
35 Dihedral angle difference restraint:       0       0      0   0.000   0.000      0.0000       1.000
36 GBSA implicit solvent potential    :       0       0      0   0.000   0.000      0.0000       1.000
37 EM density fitting potential       :       0       0      0   0.000   0.000      0.0000       1.000
38 SAXS restraints                    :       0       0      0   0.000   0.000      0.0000       1.000
39 Symmetry restraints                :       0       0      0   0.000   0.000      0.0000       1.000



# Heavy relative violation of each residue is written to: mp.V99990005
# The profile is NOT normalized by the number of restraints.
# The profiles are smoothed over a window of residues:    1
# The sum of all numbers in the file:   12593.5137



List of the violated restraints:
   A restraint is violated when the relative difference
   from the best value (RVIOL) is larger than CUTOFF.

   ICSR   ... index of a restraint in the current set.
   RESNO  ... residue numbers of the first two atoms.
   ATM    ... IUPAC atom names of the first two atoms.
   FEAT   ... the value of the feature in the model.
   restr  ... the mean of the basis restraint with the smallest
              difference from the model (local minimum).
   viol   ... difference from the local minimum.
   rviol  ... relative difference from the local minimum.
   RESTR  ... the best value (global minimum).
   VIOL   ... difference from the best value.
   RVIOL  ... relative difference from the best value.



report______> Distribution of short non-bonded contacts:


DISTANCE1:  0.00 2.10 2.20 2.30 2.40 2.50 2.60 2.70 2.80 2.90 3.00 3.10 3.20 3.30 3.40
DISTANCE2:  2.10 2.20 2.30 2.40 2.50 2.60 2.70 2.80 2.90 3.00 3.10 3.20 3.30 3.40 3.50
FREQUENCY:     0    0    0    0    0   12   55   76   94  115  109  141  202  231  213


<< end of ENERGY.

>> Summary of successfully produced models:
Filename                          molpdf     DOPE score    GA341 score
----------------------------------------------------------------------
mp.B99990001.pdb               615.93433    -9324.54102        1.00000
mp.B99990002.pdb               623.77661    -9437.75586        1.00000
mp.B99990003.pdb               620.29254    -9405.75195        1.00000
mp.B99990004.pdb               621.04083    -9542.31738        1.00000
mp.B99990005.pdb               650.72369    -9394.40527        0.99999

Total CPU time [seconds]                                 :      54.24
