reduce: version 3.23 05/21/2013, Copyright 1997-2013, J. Michael Word
Processing file: "mov.noh.cen.pdb"
Database of HETATM connections: "/home/german/dot2/data/reduce_wwPDB_het_dict.txt"
WARNING: atom   C7 from DT will be treated as carbon
WARNING: atom   C7 from DT will be treated as carbon
WARNING: atom   C7 from DT will be treated as carbon
WARNING: atom   C7 from DT will be treated as carbon
WARNING: atom   C7 from DT will be treated as carbon
WARNING: atom   C7 from DT will be treated as carbon
WARNING: atom   C7 from DT will be treated as carbon
WARNING: atom   C7 from DT will be treated as carbon
WARNING: atom   C7 from DT will be treated as carbon
VDW dot density = 16/A^2
Orientation penalty scale = 1 (100%)
Eliminate contacts within 3 bonds.
Ignore atoms with |occupancy| <= 0.01 during adjustments.
Waters ignored if B-Factor >= 40 or |occupancy| < 0.66
Aromatic rings in amino acids accept hydrogen bonds.
Building His ring NH Hydrogens.
Flipping Asn, Gln and His groups.
For each flip state, bumps where gap is more than 0.4A are indicated with '!'.
Building or keeping OH & SH Hydrogens.
Rotating existing OH & SH Hydrogens
Rotating NH3 Hydrogens.
Processing Met methyls.
*WARNING*: Res "DT" not in HETATM Connection Database. Hydrogens not added.
*WARNING*: Res "DA" not in HETATM Connection Database. Hydrogens not added.
*WARNING*: Res "DA" not in HETATM Connection Database. Hydrogens not added.
*WARNING*: Res "DT" not in HETATM Connection Database. Hydrogens not added.
*WARNING*: Res "DT" not in HETATM Connection Database. Hydrogens not added.
*WARNING*: Res "DG" not in HETATM Connection Database. Hydrogens not added.
*WARNING*: Res "DA" not in HETATM Connection Database. Hydrogens not added.
*WARNING*: Res "DA" not in HETATM Connection Database. Hydrogens not added.
*WARNING*: Res "DT" not in HETATM Connection Database. Hydrogens not added.
*WARNING*: Res "DT" not in HETATM Connection Database. Hydrogens not added.
*WARNING*: Res "DA" not in HETATM Connection Database. Hydrogens not added.
*WARNING*: Res "DA" not in HETATM Connection Database. Hydrogens not added.
*WARNING*: Res "DT" not in HETATM Connection Database. Hydrogens not added.
*WARNING*: Res "DT" not in HETATM Connection Database. Hydrogens not added.
*WARNING*: Res "DC" not in HETATM Connection Database. Hydrogens not added.
*WARNING*: Res "DA" not in HETATM Connection Database. Hydrogens not added.
*WARNING*: Res "DA" not in HETATM Connection Database. Hydrogens not added.
*WARNING*: Res "DT" not in HETATM Connection Database. Hydrogens not added.
*WARNING*: Res "DT" not in HETATM Connection Database. Hydrogens not added.
*WARNING*: Res "DA" not in HETATM Connection Database. Hydrogens not added.
Found 2 hydrogens (0 hets)
Standardized 0 hydrogens (0 hets)
Added 0 hydrogens (0 hets)
Removed 0 hydrogens (0 hets)
If you publish work which uses reduce, please cite:
Word, et. al. (1999) J. Mol. Biol. 285, 1735-1747.
For more information see http://kinemage.biochem.duke.edu
USER  MOD reduce.3.23.130521 H: found=2, std=0, add=0, rem=0, adj=0
