
                         MODELLER 9.18, 2017/02/17, r11002

     PROTEIN STRUCTURE MODELLING BY SATISFACTION OF SPATIAL RESTRAINTS


                     Copyright(c) 1989-2017 Andrej Sali
                            All Rights Reserved

                             Written by A. Sali
                               with help from
              B. Webb, M.S. Madhusudhan, M-Y. Shen, G.Q. Dong,
          M.A. Marti-Renom, N. Eswar, F. Alber, M. Topf, B. Oliva,
             A. Fiser, R. Sanchez, B. Yerkovich, A. Badretdinov,
                     F. Melo, J.P. Overington, E. Feyfant
                 University of California, San Francisco, USA
                    Rockefeller University, New York, USA
                      Harvard University, Cambridge, USA
                   Imperial Cancer Research Fund, London, UK
              Birkbeck College, University of London, London, UK


Kind, OS, HostName, Kernel, Processor: 4, Linux german-xps 4.9.10-040910-generic x86_64
Date and time of compilation         : 2017/02/17 14:47:45
MODELLER executable type             : x86_64-intel8
Job starting time (YY/MM/DD HH:MM:SS): 2017/05/24 00:09:06

read_pd_478W> Residue  1:, name  DC is marked as ATOM in restyp.lib but
              as HETATM in the PDB file. Modeller will treat this residue
              as a HETATM (BLK) residue. To treat it as ATOM, modify the
              PDB and mark at least one atom in this residue as ATOM.
read_pd_478W> Residue  2:, name  DA is marked as ATOM in restyp.lib but
              as HETATM in the PDB file. Modeller will treat this residue
              as a HETATM (BLK) residue. To treat it as ATOM, modify the
              PDB and mark at least one atom in this residue as ATOM.
read_pd_478W> Residue  4:, name  DT is marked as ATOM in restyp.lib but
              as HETATM in the PDB file. Modeller will treat this residue
              as a HETATM (BLK) residue. To treat it as ATOM, modify the
              PDB and mark at least one atom in this residue as ATOM.
read_pd_478W> Residue  9:, name  DG is marked as ATOM in restyp.lib but
              as HETATM in the PDB file. Modeller will treat this residue
              as a HETATM (BLK) residue. To treat it as ATOM, modify the
              PDB and mark at least one atom in this residue as ATOM.
fndatmi_285W> Only      114 residues out of      134 contain atoms of type  CA
              (This is usually caused by non-standard residues, such
              as ligands, or by PDB files with missing atoms.)
fndatmi_285W> Only      114 residues out of      134 contain atoms of type  CA
              (This is usually caused by non-standard residues, such
              as ligands, or by PDB files with missing atoms.)

check_ali___> Checking the sequence-structure alignment. 

Implied intrachain target CA(i)-CA(i+1) distances longer than  8.0 angstroms:

ALN_POS  TMPL  RID1  RID2  NAM1  NAM2     DIST
----------------------------------------------
END OF TABLE
read_to_681_> topology.submodel read from topology file:        3
fndatmi_285W> Only      114 residues out of      134 contain atoms of type  CA
              (This is usually caused by non-standard residues, such
              as ligands, or by PDB files with missing atoms.)
mdtrsr__446W> A potential that relies on one protein is used, yet you have at
              least one known structure available. MDT, not library, potential is used.
iup2crm_280W> No topology library in memory or assigning a BLK residue.
              Default CHARMM atom type assigned:  P -->  C
              This message is written only for the first such atom.
412 atoms in HETATM/BLK residues constrained
to protein atoms within 2.30 angstroms
and protein CA atoms within 10.00 angstroms
412 atoms in residues without defined topology
constrained to be rigid bodies
condens_443_> Restraints marked for deletion were removed.
              Total number of restraints before, now:    25460    24492
iupac_m_397W> Atoms were not swapped because of the uncertainty of how to handle the H atom.
>> Model assessment by DOPE potential
iatmcls_286W> MODEL atom not classified:  LYS:OXT  LYS
iatmcls_286W> MODEL atom not classified:  LYS:OXT  LYS


>> ENERGY; Differences between the model's features and restraints:
Number of all residues in MODEL                   :      150
Number of all, selected real atoms                :     1546    1546
Number of all, selected pseudo atoms              :        0       0
Number of all static, selected restraints         :    24492   24492
COVALENT_CYS                                      :        F
NONBONDED_SEL_ATOMS                               :        1
Number of non-bonded pairs (excluding 1-2,1-3,1-4):   225442
Dynamic pairs routine                             : 1, NATM x NATM double loop
Atomic shift for contacts update (UPDATE_DYNAMIC) :    0.390
LENNARD_JONES_SWITCH                              :    6.500   7.500
COULOMB_JONES_SWITCH                              :    6.500   7.500
RESIDUE_SPAN_RANGE                                :        1    9999
NLOGN_USE                                         :       15
CONTACT_SHELL                                     :   15.000
DYNAMIC_PAIRS,_SPHERE,_COULOMB,_LENNARD,_MODELLER :        T       F       F       F       T
SPHERE_STDV                                       :    0.050
RADII_FACTOR                                      :    0.820
Current energy                                    :      -10245.1758




<< end of ENERGY.
DOPE score               : -10245.175781
>> Model assessment by GA341 potential

Surface library          : /usr/lib/modeller9.18/modlib/surf5.de
Pair library             : /usr/lib/modeller9.18/modlib/pair9.de
Chain identifier         : _
% sequence identity      :    47.761002
Sequence length          :           65
Compactness              :     0.105211
Native energy (pair)     :  -127.981772
Native energy (surface)  :    -2.525823
Native energy (combined) :    -8.294553
Z score (pair)           :    -3.130302
Z score (surface)        :    -3.028950
Z score (combined)       :    -4.060671
GA341 score              :     0.981913



>> ENERGY; Differences between the model's features and restraints:
Number of all residues in MODEL                   :      150
Number of all, selected real atoms                :     1546    1546
Number of all, selected pseudo atoms              :        0       0
Number of all static, selected restraints         :    24492   24492
COVALENT_CYS                                      :        F
NONBONDED_SEL_ATOMS                               :        1
Number of non-bonded pairs (excluding 1-2,1-3,1-4):     3429
Dynamic pairs routine                             : 2, NATM x NATM cell sorting
Atomic shift for contacts update (UPDATE_DYNAMIC) :    0.390
LENNARD_JONES_SWITCH                              :    6.500   7.500
COULOMB_JONES_SWITCH                              :    6.500   7.500
RESIDUE_SPAN_RANGE                                :        0   99999
NLOGN_USE                                         :       15
CONTACT_SHELL                                     :    4.000
DYNAMIC_PAIRS,_SPHERE,_COULOMB,_LENNARD,_MODELLER :        T       T       F       F       F
SPHERE_STDV                                       :    0.050
RADII_FACTOR                                      :    0.820
Current energy                                    :         791.4810





Summary of the restraint violations: 

   NUM     ... number of restraints.
   NUMVI   ... number of restraints with RVIOL > VIOL_REPORT_CUT[i].
   RVIOL   ... relative difference from the best value.
   NUMVP   ... number of restraints with -Ln(pdf) > VIOL_REPORT_CUT2[i].
   RMS_1   ... RMS(feature, minimally_violated_basis_restraint, NUMB).
   RMS_2   ... RMS(feature, best_value, NUMB).
   MOL.PDF ... scaled contribution to -Ln(Molecular pdf).

 #                     RESTRAINT_GROUP      NUM   NUMVI  NUMVP   RMS_1   RMS_2         MOL.PDF     S_i
------------------------------------------------------------------------------------------------------
 1 Bond length potential              :    1150       0      0   0.004   0.004      5.1770       1.000
 2 Bond angle potential               :    1538       0      0   1.513   1.513      67.593       1.000
 3 Stereochemical cosine torsion poten:     678       0      6  43.582  43.582      213.84       1.000
 4 Stereochemical improper torsion pot:     434       0      0   1.198   1.198      11.397       1.000
 5 Soft-sphere overlap restraints     :    3429       1     32   0.019   0.019      143.88       1.000
 6 Lennard-Jones 6-12 potential       :       0       0      0   0.000   0.000      0.0000       1.000
 7 Coulomb point-point electrostatic p:       0       0      0   0.000   0.000      0.0000       1.000
 8 H-bonding potential                :       0       0      0   0.000   0.000      0.0000       1.000
 9 Distance restraints 1 (CA-CA)      :    1400       0      0   0.100   0.100      12.955       1.000
10 Distance restraints 2 (N-O)        :    1477       0      0   0.131   0.131      21.811       1.000
11 Mainchain Phi dihedral restraints  :       0       0      0   0.000   0.000      0.0000       1.000
12 Mainchain Psi dihedral restraints  :       0       0      0   0.000   0.000      0.0000       1.000
13 Mainchain Omega dihedral restraints:     128       0      0   2.509   2.509      8.9263       1.000
14 Sidechain Chi_1 dihedral restraints:     122       0      2  78.841  78.841      33.238       1.000
15 Sidechain Chi_2 dihedral restraints:     106       0      3  75.282  75.282      50.340       1.000
16 Sidechain Chi_3 dihedral restraints:      64       0      0  86.704  86.704      47.884       1.000
17 Sidechain Chi_4 dihedral restraints:      34       0      0  99.486  99.486      22.730       1.000
18 Disulfide distance restraints      :       0       0      0   0.000   0.000      0.0000       1.000
19 Disulfide angle restraints         :       0       0      0   0.000   0.000      0.0000       1.000
20 Disulfide dihedral angle restraints:       0       0      0   0.000   0.000      0.0000       1.000
21 Lower bound distance restraints    :       0       0      0   0.000   0.000      0.0000       1.000
22 Upper bound distance restraints    :       0       0      0   0.000   0.000      0.0000       1.000
23 Distance restraints 3 (SDCH-MNCH)  :    1180       0      0   0.351   0.351      21.553       1.000
24 Sidechain Chi_5 dihedral restraints:       0       0      0   0.000   0.000      0.0000       1.000
25 Phi/Psi pair of dihedral restraints:     126      17      0  12.912  67.000     -86.966       1.000
26 Distance restraints 4 (SDCH-SDCH)  :     491       0      1   0.903   0.903      63.940       1.000
27 Distance restraints 5 (X-Y)        :   15564       0      1   0.029   0.029      153.19       1.000
28 NMR distance restraints 6 (X-Y)    :       0       0      0   0.000   0.000      0.0000       1.000
29 NMR distance restraints 7 (X-Y)    :       0       0      0   0.000   0.000      0.0000       1.000
30 Minimal distance restraints        :       0       0      0   0.000   0.000      0.0000       1.000
31 Non-bonded restraints              :       0       0      0   0.000   0.000      0.0000       1.000
32 Atomic accessibility restraints    :       0       0      0   0.000   0.000      0.0000       1.000
33 Atomic density restraints          :       0       0      0   0.000   0.000      0.0000       1.000
34 Absolute position restraints       :       0       0      0   0.000   0.000      0.0000       1.000
35 Dihedral angle difference restraint:       0       0      0   0.000   0.000      0.0000       1.000
36 GBSA implicit solvent potential    :       0       0      0   0.000   0.000      0.0000       1.000
37 EM density fitting potential       :       0       0      0   0.000   0.000      0.0000       1.000
38 SAXS restraints                    :       0       0      0   0.000   0.000      0.0000       1.000
39 Symmetry restraints                :       0       0      0   0.000   0.000      0.0000       1.000



# Heavy relative violation of each residue is written to: mp.V99990001
# The profile is NOT normalized by the number of restraints.
# The profiles are smoothed over a window of residues:    1
# The sum of all numbers in the file:   17657.0762



List of the violated restraints:
   A restraint is violated when the relative difference
   from the best value (RVIOL) is larger than CUTOFF.

   ICSR   ... index of a restraint in the current set.
   RESNO  ... residue numbers of the first two atoms.
   ATM    ... IUPAC atom names of the first two atoms.
   FEAT   ... the value of the feature in the model.
   restr  ... the mean of the basis restraint with the smallest
              difference from the model (local minimum).
   viol   ... difference from the local minimum.
   rviol  ... relative difference from the local minimum.
   RESTR  ... the best value (global minimum).
   VIOL   ... difference from the best value.
   RVIOL  ... relative difference from the best value.


-------------------------------------------------------------------------------------------------

Feature 25                           : Phi/Psi pair of dihedral restraints     
List of the RVIOL violations larger than   :       6.5000

    #   ICSR  RESNO1/2 ATM1/2   INDATM1/2    FEAT   restr    viol   rviol   RESTR    VIOL   RVIOL
    1   3855  75K  76Q C   N     888  890 -135.18 -121.10   16.95    0.83  -63.80 -175.09   24.15
    1         76Q  76Q N   CA    890  891  130.27  139.70                  -40.30
    2   3856  76Q  77L C   N     897  899 -119.09 -108.50   12.43    0.67  -63.50  176.19   21.98
    2         77L  77L N   CA    899  900  125.99  132.50                  -41.20
    3   3857  77L  78E C   N     905  907 -134.88 -117.80   17.08    0.62  -63.60 -168.98   22.43
    3         78E  78E N   CA    907  908  136.92  136.80                  -40.30
    4   3858  78E  79R C   N     914  916 -132.18 -125.20    8.46    0.45  -63.00 -170.04   21.98
    4         79R  79R N   CA    916  917  135.82  140.60                  -41.10
    5   3859  79R  80D C   N     925  927 -119.66  -96.50   23.75    0.98  -63.30  169.12   18.26
    5         80D  80D N   CA    927  928  119.46  114.20                  -40.00
    6   3860  80D  81Y C   N     933  935 -119.48 -124.30   10.94    0.43  -63.50  178.02   25.66
    6         81Y  81Y N   CA    935  936  125.58  135.40                  -43.40
    7   3861  81Y  82D C   N     945  947 -113.31  -96.50   20.54    0.85  -63.30  173.37   18.95
    7         82D  82D N   CA    947  948  126.00  114.20                  -40.00
    8   3863  83V  84L C   N     960  962 -111.07 -108.50    2.76    0.14  -63.50  179.14   22.63
    8         84L  84L N   CA    962  963  131.50  132.50                  -41.20
    9   3917 139T 140K C   N    1446 1448 -164.54 -118.00   50.54    1.68  -62.90 -170.12   30.70
    9        140K 140K N   CA   1448 1449  158.81  139.10                  -40.80
   10   3918 140K 141Q C   N    1455 1457 -117.81 -121.10    6.22    0.23  -63.80 -177.12   24.41
   10        141Q 141Q N   CA   1457 1458  134.42  139.70                  -40.30
   11   3919 141Q 142L C   N    1464 1466 -118.44 -108.50   10.09    0.50  -63.50 -179.45   22.58
   11        142L 142L N   CA   1466 1467  130.78  132.50                  -41.20
   12   3920 142L 143E C   N    1472 1474 -136.67 -117.80   18.87    0.69  -63.60 -168.33   22.47
   12        143E 143E N   CA   1474 1475  136.89  136.80                  -40.30
   13   3921 143E 144R C   N    1481 1483 -131.60 -125.20    9.57    0.53  -63.00 -172.43   21.69
   13        144R 144R N   CA   1483 1484  133.48  140.60                  -41.10
   14   3922 144R 145D C   N    1492 1494 -120.94  -96.50   24.54    1.00  -63.30  166.65   17.94
   14        145D 145D N   CA   1494 1495  116.37  114.20                  -40.00
   15   3923 145D 146Y C   N    1500 1502 -116.73 -124.30   24.56    1.02  -63.50  164.30   23.62
   15        146Y 146Y N   CA   1502 1503  112.04  135.40                  -43.40
   16   3924 146Y 147D C   N    1512 1514 -131.05  -96.50   35.79    1.47  -63.30  177.04   18.92
   16        147D 147D N   CA   1514 1515  123.56  114.20                  -40.00
   17   3926 148V 149L C   N    1527 1529 -114.69 -108.50   16.01    0.79  -63.50  179.01   28.01
   17        149L 149L N   CA   1529 1530  147.27  132.50                  -41.20


report______> Distribution of short non-bonded contacts:


DISTANCE1:  0.00 2.10 2.20 2.30 2.40 2.50 2.60 2.70 2.80 2.90 3.00 3.10 3.20 3.30 3.40
DISTANCE2:  2.10 2.20 2.30 2.40 2.50 2.60 2.70 2.80 2.90 3.00 3.10 3.20 3.30 3.40 3.50
FREQUENCY:     0    0    0    0    0   14   53   90  113  136  131  148  189  282  262


<< end of ENERGY.
>> Model assessment by DOPE potential
iatmcls_286W> MODEL atom not classified:  LYS:OXT  LYS
iatmcls_286W> MODEL atom not classified:  LYS:OXT  LYS


>> ENERGY; Differences between the model's features and restraints:
Number of all residues in MODEL                   :      150
Number of all, selected real atoms                :     1546    1546
Number of all, selected pseudo atoms              :        0       0
Number of all static, selected restraints         :    24492   24492
COVALENT_CYS                                      :        F
NONBONDED_SEL_ATOMS                               :        1
Number of non-bonded pairs (excluding 1-2,1-3,1-4):   226204
Dynamic pairs routine                             : 1, NATM x NATM double loop
Atomic shift for contacts update (UPDATE_DYNAMIC) :    0.390
LENNARD_JONES_SWITCH                              :    6.500   7.500
COULOMB_JONES_SWITCH                              :    6.500   7.500
RESIDUE_SPAN_RANGE                                :        1    9999
NLOGN_USE                                         :       15
CONTACT_SHELL                                     :   15.000
DYNAMIC_PAIRS,_SPHERE,_COULOMB,_LENNARD,_MODELLER :        T       F       F       F       T
SPHERE_STDV                                       :    0.050
RADII_FACTOR                                      :    0.820
Current energy                                    :      -10277.3916




<< end of ENERGY.
DOPE score               : -10277.391602
>> Model assessment by GA341 potential

Surface library          : /usr/lib/modeller9.18/modlib/surf5.de
Pair library             : /usr/lib/modeller9.18/modlib/pair9.de
Chain identifier         : _
% sequence identity      :    47.761002
Sequence length          :           65
Compactness              :     0.112007
Native energy (pair)     :  -126.317385
Native energy (surface)  :    -1.578554
Native energy (combined) :    -8.291397
Z score (pair)           :    -3.293415
Z score (surface)        :    -2.630629
Z score (combined)       :    -3.723834
GA341 score              :     0.944893



>> ENERGY; Differences between the model's features and restraints:
Number of all residues in MODEL                   :      150
Number of all, selected real atoms                :     1546    1546
Number of all, selected pseudo atoms              :        0       0
Number of all static, selected restraints         :    24492   24492
COVALENT_CYS                                      :        F
NONBONDED_SEL_ATOMS                               :        1
Number of non-bonded pairs (excluding 1-2,1-3,1-4):     3428
Dynamic pairs routine                             : 2, NATM x NATM cell sorting
Atomic shift for contacts update (UPDATE_DYNAMIC) :    0.390
LENNARD_JONES_SWITCH                              :    6.500   7.500
COULOMB_JONES_SWITCH                              :    6.500   7.500
RESIDUE_SPAN_RANGE                                :        0   99999
NLOGN_USE                                         :       15
CONTACT_SHELL                                     :    4.000
DYNAMIC_PAIRS,_SPHERE,_COULOMB,_LENNARD,_MODELLER :        T       T       F       F       F
SPHERE_STDV                                       :    0.050
RADII_FACTOR                                      :    0.820
Current energy                                    :         844.5907





Summary of the restraint violations: 

   NUM     ... number of restraints.
   NUMVI   ... number of restraints with RVIOL > VIOL_REPORT_CUT[i].
   RVIOL   ... relative difference from the best value.
   NUMVP   ... number of restraints with -Ln(pdf) > VIOL_REPORT_CUT2[i].
   RMS_1   ... RMS(feature, minimally_violated_basis_restraint, NUMB).
   RMS_2   ... RMS(feature, best_value, NUMB).
   MOL.PDF ... scaled contribution to -Ln(Molecular pdf).

 #                     RESTRAINT_GROUP      NUM   NUMVI  NUMVP   RMS_1   RMS_2         MOL.PDF     S_i
------------------------------------------------------------------------------------------------------
 1 Bond length potential              :    1150       0      0   0.004   0.004      5.8818       1.000
 2 Bond angle potential               :    1538       0      1   1.652   1.652      80.425       1.000
 3 Stereochemical cosine torsion poten:     678       0      2  43.429  43.429      212.50       1.000
 4 Stereochemical improper torsion pot:     434       0      0   1.334   1.334      14.005       1.000
 5 Soft-sphere overlap restraints     :    3428       1     30   0.019   0.019      141.57       1.000
 6 Lennard-Jones 6-12 potential       :       0       0      0   0.000   0.000      0.0000       1.000
 7 Coulomb point-point electrostatic p:       0       0      0   0.000   0.000      0.0000       1.000
 8 H-bonding potential                :       0       0      0   0.000   0.000      0.0000       1.000
 9 Distance restraints 1 (CA-CA)      :    1400       0      0   0.112   0.112      15.742       1.000
10 Distance restraints 2 (N-O)        :    1477       0      0   0.135   0.135      23.205       1.000
11 Mainchain Phi dihedral restraints  :       0       0      0   0.000   0.000      0.0000       1.000
12 Mainchain Psi dihedral restraints  :       0       0      0   0.000   0.000      0.0000       1.000
13 Mainchain Omega dihedral restraints:     128       1      1  14.753  14.753      15.655       1.000
14 Sidechain Chi_1 dihedral restraints:     122       0      6  80.813  80.813      42.739       1.000
15 Sidechain Chi_2 dihedral restraints:     106       0      3  75.574  75.574      54.988       1.000
16 Sidechain Chi_3 dihedral restraints:      64       0      0  84.587  84.587      49.386       1.000
17 Sidechain Chi_4 dihedral restraints:      34       0      0  97.365  97.365      23.421       1.000
18 Disulfide distance restraints      :       0       0      0   0.000   0.000      0.0000       1.000
19 Disulfide angle restraints         :       0       0      0   0.000   0.000      0.0000       1.000
20 Disulfide dihedral angle restraints:       0       0      0   0.000   0.000      0.0000       1.000
21 Lower bound distance restraints    :       0       0      0   0.000   0.000      0.0000       1.000
22 Upper bound distance restraints    :       0       0      0   0.000   0.000      0.0000       1.000
23 Distance restraints 3 (SDCH-MNCH)  :    1180       0      0   0.386   0.386      28.502       1.000
24 Sidechain Chi_5 dihedral restraints:       0       0      0   0.000   0.000      0.0000       1.000
25 Phi/Psi pair of dihedral restraints:     126      17      2  17.771  68.046     -76.079       1.000
26 Distance restraints 4 (SDCH-SDCH)  :     491       0      0   0.780   0.780      44.583       1.000
27 Distance restraints 5 (X-Y)        :   15564       0      1   0.031   0.031      168.06       1.000
28 NMR distance restraints 6 (X-Y)    :       0       0      0   0.000   0.000      0.0000       1.000
29 NMR distance restraints 7 (X-Y)    :       0       0      0   0.000   0.000      0.0000       1.000
30 Minimal distance restraints        :       0       0      0   0.000   0.000      0.0000       1.000
31 Non-bonded restraints              :       0       0      0   0.000   0.000      0.0000       1.000
32 Atomic accessibility restraints    :       0       0      0   0.000   0.000      0.0000       1.000
33 Atomic density restraints          :       0       0      0   0.000   0.000      0.0000       1.000
34 Absolute position restraints       :       0       0      0   0.000   0.000      0.0000       1.000
35 Dihedral angle difference restraint:       0       0      0   0.000   0.000      0.0000       1.000
36 GBSA implicit solvent potential    :       0       0      0   0.000   0.000      0.0000       1.000
37 EM density fitting potential       :       0       0      0   0.000   0.000      0.0000       1.000
38 SAXS restraints                    :       0       0      0   0.000   0.000      0.0000       1.000
39 Symmetry restraints                :       0       0      0   0.000   0.000      0.0000       1.000



# Heavy relative violation of each residue is written to: mp.V99990002
# The profile is NOT normalized by the number of restraints.
# The profiles are smoothed over a window of residues:    1
# The sum of all numbers in the file:   18251.1504



List of the violated restraints:
   A restraint is violated when the relative difference
   from the best value (RVIOL) is larger than CUTOFF.

   ICSR   ... index of a restraint in the current set.
   RESNO  ... residue numbers of the first two atoms.
   ATM    ... IUPAC atom names of the first two atoms.
   FEAT   ... the value of the feature in the model.
   restr  ... the mean of the basis restraint with the smallest
              difference from the model (local minimum).
   viol   ... difference from the local minimum.
   rviol  ... relative difference from the local minimum.
   RESTR  ... the best value (global minimum).
   VIOL   ... difference from the best value.
   RVIOL  ... relative difference from the best value.


-------------------------------------------------------------------------------------------------

Feature 13                           : Mainchain Omega dihedral restraints     
List of the RVIOL violations larger than   :       4.5000

    #   ICSR  RESNO1/2 ATM1/2   INDATM1/2    FEAT   restr    viol   rviol   RESTR    VIOL   RVIOL
    1   3981  75K  75K CA  C     882  888  -15.37 -179.18  163.82   38.07 -179.18  163.82   38.07

-------------------------------------------------------------------------------------------------

Feature 25                           : Phi/Psi pair of dihedral restraints     
List of the RVIOL violations larger than   :       6.5000

    #   ICSR  RESNO1/2 ATM1/2   INDATM1/2    FEAT   restr    viol   rviol   RESTR    VIOL   RVIOL
    1   3854  74T  75K C   N     879  881  -62.37  -62.90   23.20    2.98 -118.00  166.48    8.58
    1         75K  75K N   CA    881  882  -63.99  -40.80                  139.10
    2   3856  76Q  77L C   N     897  899   58.65  -70.70  129.68   11.48  -63.50 -147.76   36.89
    2         77L  77L N   CA    899  900  132.37  141.60                  -41.20
    3   3857  77L  78E C   N     905  907 -137.73 -117.80   23.26    0.68  -63.60 -173.71   29.00
    3         78E  78E N   CA    907  908  148.79  136.80                  -40.30
    4   3858  78E  79R C   N     914  916 -114.06 -125.20   13.94    0.41  -63.00 -179.32   21.46
    4         79R  79R N   CA    916  917  132.22  140.60                  -41.10
    5   3859  79R  80D C   N     925  927 -122.32  -96.50   29.01    1.20  -63.30  177.52   19.17
    5         80D  80D N   CA    927  928  127.42  114.20                  -40.00
    6   3860  80D  81Y C   N     933  935 -118.58 -124.30    7.14    0.35  -63.50 -177.00   26.47
    6         81Y  81Y N   CA    935  936  131.12  135.40                  -43.40
    7   3861  81Y  82D C   N     945  947 -103.69  -96.50   17.79    0.75  -63.30  175.19   19.53
    7         82D  82D N   CA    947  948  130.48  114.20                  -40.00
    8   3863  83V  84L C   N     960  962 -105.98 -108.50    6.46    0.37  -63.50 -175.40   23.55
    8         84L  84L N   CA    962  963  138.45  132.50                  -41.20
    9   3917 139T 140K C   N    1446 1448 -166.76 -118.00   52.96    1.76  -62.90 -169.73   30.87
    9        140K 140K N   CA   1448 1449  159.77  139.10                  -40.80
   10   3918 140K 141Q C   N    1455 1457 -123.08 -121.10   11.11    0.56  -63.80  179.16   23.70
   10        141Q 141Q N   CA   1457 1458  128.76  139.70                  -40.30
   11   3919 141Q 142L C   N    1464 1466 -119.06 -108.50   10.97    0.56  -63.50  179.56   22.43
   11        142L 142L N   CA   1466 1467  129.54  132.50                  -41.20
   12   3920 142L 143E C   N    1472 1474 -134.03 -117.80   16.35    0.65  -63.60 -171.26   22.16
   12        143E 143E N   CA   1474 1475  134.81  136.80                  -40.30
   13   3921 143E 144R C   N    1481 1483 -126.49 -125.20   12.73    0.64  -63.00 -179.44   20.96
   13        144R 144R N   CA   1483 1484  127.94  140.60                  -41.10
   14   3922 144R 145D C   N    1492 1494 -123.67  -96.50   28.51    1.17  -63.30  173.65   18.69
   14        145D 145D N   CA   1494 1495  122.82  114.20                  -40.00
   15   3923 145D 146Y C   N    1500 1502 -122.46 -124.30    6.44    0.27  -63.50 -177.58   26.24
   15        146Y 146Y N   CA   1502 1503  129.23  135.40                  -43.40
   16   3924 146Y 147D C   N    1512 1514 -108.80  -96.50   20.92    0.88  -63.30  177.07   19.55
   16        147D 147D N   CA   1514 1515  131.12  114.20                  -40.00
   17   3926 148V 149L C   N    1527 1529 -115.40 -108.50   10.73    0.49  -63.50 -174.52   28.95
   17        149L 149L N   CA   1529 1530  140.73  132.50                  -41.20


report______> Distribution of short non-bonded contacts:


DISTANCE1:  0.00 2.10 2.20 2.30 2.40 2.50 2.60 2.70 2.80 2.90 3.00 3.10 3.20 3.30 3.40
DISTANCE2:  2.10 2.20 2.30 2.40 2.50 2.60 2.70 2.80 2.90 3.00 3.10 3.20 3.30 3.40 3.50
FREQUENCY:     0    0    0    0    0   15   63   77  101  158  135  153  210  273  242


<< end of ENERGY.
>> Model assessment by DOPE potential
iatmcls_286W> MODEL atom not classified:  LYS:OXT  LYS
iatmcls_286W> MODEL atom not classified:  LYS:OXT  LYS


>> ENERGY; Differences between the model's features and restraints:
Number of all residues in MODEL                   :      150
Number of all, selected real atoms                :     1546    1546
Number of all, selected pseudo atoms              :        0       0
Number of all static, selected restraints         :    24492   24492
COVALENT_CYS                                      :        F
NONBONDED_SEL_ATOMS                               :        1
Number of non-bonded pairs (excluding 1-2,1-3,1-4):   228366
Dynamic pairs routine                             : 1, NATM x NATM double loop
Atomic shift for contacts update (UPDATE_DYNAMIC) :    0.390
LENNARD_JONES_SWITCH                              :    6.500   7.500
COULOMB_JONES_SWITCH                              :    6.500   7.500
RESIDUE_SPAN_RANGE                                :        1    9999
NLOGN_USE                                         :       15
CONTACT_SHELL                                     :   15.000
DYNAMIC_PAIRS,_SPHERE,_COULOMB,_LENNARD,_MODELLER :        T       F       F       F       T
SPHERE_STDV                                       :    0.050
RADII_FACTOR                                      :    0.820
Current energy                                    :      -10485.1611




<< end of ENERGY.
DOPE score               : -10485.161133
>> Model assessment by GA341 potential

Surface library          : /usr/lib/modeller9.18/modlib/surf5.de
Pair library             : /usr/lib/modeller9.18/modlib/pair9.de
Chain identifier         : _
% sequence identity      :    47.761002
Sequence length          :           65
Compactness              :     0.101561
Native energy (pair)     :  -129.032402
Native energy (surface)  :    -1.902836
Native energy (combined) :    -8.837168
Z score (pair)           :    -3.654599
Z score (surface)        :    -2.825298
Z score (combined)       :    -4.156929
GA341 score              :     0.987604



>> ENERGY; Differences between the model's features and restraints:
Number of all residues in MODEL                   :      150
Number of all, selected real atoms                :     1546    1546
Number of all, selected pseudo atoms              :        0       0
Number of all static, selected restraints         :    24492   24492
COVALENT_CYS                                      :        F
NONBONDED_SEL_ATOMS                               :        1
Number of non-bonded pairs (excluding 1-2,1-3,1-4):     3450
Dynamic pairs routine                             : 2, NATM x NATM cell sorting
Atomic shift for contacts update (UPDATE_DYNAMIC) :    0.390
LENNARD_JONES_SWITCH                              :    6.500   7.500
COULOMB_JONES_SWITCH                              :    6.500   7.500
RESIDUE_SPAN_RANGE                                :        0   99999
NLOGN_USE                                         :       15
CONTACT_SHELL                                     :    4.000
DYNAMIC_PAIRS,_SPHERE,_COULOMB,_LENNARD,_MODELLER :        T       T       F       F       F
SPHERE_STDV                                       :    0.050
RADII_FACTOR                                      :    0.820
Current energy                                    :         805.4022





Summary of the restraint violations: 

   NUM     ... number of restraints.
   NUMVI   ... number of restraints with RVIOL > VIOL_REPORT_CUT[i].
   RVIOL   ... relative difference from the best value.
   NUMVP   ... number of restraints with -Ln(pdf) > VIOL_REPORT_CUT2[i].
   RMS_1   ... RMS(feature, minimally_violated_basis_restraint, NUMB).
   RMS_2   ... RMS(feature, best_value, NUMB).
   MOL.PDF ... scaled contribution to -Ln(Molecular pdf).

 #                     RESTRAINT_GROUP      NUM   NUMVI  NUMVP   RMS_1   RMS_2         MOL.PDF     S_i
------------------------------------------------------------------------------------------------------
 1 Bond length potential              :    1150       0      0   0.004   0.004      6.0280       1.000
 2 Bond angle potential               :    1538       0      0   1.624   1.624      77.094       1.000
 3 Stereochemical cosine torsion poten:     678       0      4  43.130  43.130      209.10       1.000
 4 Stereochemical improper torsion pot:     434       0      0   1.209   1.209      11.764       1.000
 5 Soft-sphere overlap restraints     :    3450       1     28   0.019   0.019      144.56       1.000
 6 Lennard-Jones 6-12 potential       :       0       0      0   0.000   0.000      0.0000       1.000
 7 Coulomb point-point electrostatic p:       0       0      0   0.000   0.000      0.0000       1.000
 8 H-bonding potential                :       0       0      0   0.000   0.000      0.0000       1.000
 9 Distance restraints 1 (CA-CA)      :    1400       0      0   0.094   0.094      12.314       1.000
10 Distance restraints 2 (N-O)        :    1477       0      0   0.131   0.131      22.009       1.000
11 Mainchain Phi dihedral restraints  :       0       0      0   0.000   0.000      0.0000       1.000
12 Mainchain Psi dihedral restraints  :       0       0      0   0.000   0.000      0.0000       1.000
13 Mainchain Omega dihedral restraints:     128       0      0   2.833   2.833      11.440       1.000
14 Sidechain Chi_1 dihedral restraints:     122       0      1  79.973  79.973      35.408       1.000
15 Sidechain Chi_2 dihedral restraints:     106       0      3  71.154  71.154      41.511       1.000
16 Sidechain Chi_3 dihedral restraints:      64       0      0  77.851  77.851      46.816       1.000
17 Sidechain Chi_4 dihedral restraints:      34       0      0 106.270 106.270      21.462       1.000
18 Disulfide distance restraints      :       0       0      0   0.000   0.000      0.0000       1.000
19 Disulfide angle restraints         :       0       0      0   0.000   0.000      0.0000       1.000
20 Disulfide dihedral angle restraints:       0       0      0   0.000   0.000      0.0000       1.000
21 Lower bound distance restraints    :       0       0      0   0.000   0.000      0.0000       1.000
22 Upper bound distance restraints    :       0       0      0   0.000   0.000      0.0000       1.000
23 Distance restraints 3 (SDCH-MNCH)  :    1180       0      0   0.413   0.413      27.353       1.000
24 Sidechain Chi_5 dihedral restraints:       0       0      0   0.000   0.000      0.0000       1.000
25 Phi/Psi pair of dihedral restraints:     126      17      1  16.006  66.238     -78.954       1.000
26 Distance restraints 4 (SDCH-SDCH)  :     491       0      0   0.796   0.796      49.934       1.000
27 Distance restraints 5 (X-Y)        :   15564       0      1   0.031   0.031      167.57       1.000
28 NMR distance restraints 6 (X-Y)    :       0       0      0   0.000   0.000      0.0000       1.000
29 NMR distance restraints 7 (X-Y)    :       0       0      0   0.000   0.000      0.0000       1.000
30 Minimal distance restraints        :       0       0      0   0.000   0.000      0.0000       1.000
31 Non-bonded restraints              :       0       0      0   0.000   0.000      0.0000       1.000
32 Atomic accessibility restraints    :       0       0      0   0.000   0.000      0.0000       1.000
33 Atomic density restraints          :       0       0      0   0.000   0.000      0.0000       1.000
34 Absolute position restraints       :       0       0      0   0.000   0.000      0.0000       1.000
35 Dihedral angle difference restraint:       0       0      0   0.000   0.000      0.0000       1.000
36 GBSA implicit solvent potential    :       0       0      0   0.000   0.000      0.0000       1.000
37 EM density fitting potential       :       0       0      0   0.000   0.000      0.0000       1.000
38 SAXS restraints                    :       0       0      0   0.000   0.000      0.0000       1.000
39 Symmetry restraints                :       0       0      0   0.000   0.000      0.0000       1.000



# Heavy relative violation of each residue is written to: mp.V99990003
# The profile is NOT normalized by the number of restraints.
# The profiles are smoothed over a window of residues:    1
# The sum of all numbers in the file:   17584.8770



List of the violated restraints:
   A restraint is violated when the relative difference
   from the best value (RVIOL) is larger than CUTOFF.

   ICSR   ... index of a restraint in the current set.
   RESNO  ... residue numbers of the first two atoms.
   ATM    ... IUPAC atom names of the first two atoms.
   FEAT   ... the value of the feature in the model.
   restr  ... the mean of the basis restraint with the smallest
              difference from the model (local minimum).
   viol   ... difference from the local minimum.
   rviol  ... relative difference from the local minimum.
   RESTR  ... the best value (global minimum).
   VIOL   ... difference from the best value.
   RVIOL  ... relative difference from the best value.


-------------------------------------------------------------------------------------------------

Feature 25                           : Phi/Psi pair of dihedral restraints     
List of the RVIOL violations larger than   :       6.5000

    #   ICSR  RESNO1/2 ATM1/2   INDATM1/2    FEAT   restr    viol   rviol   RESTR    VIOL   RVIOL
    1   3855  75K  76Q C   N     888  890 -135.19 -121.10   14.82    0.66  -63.80 -170.61   24.79
    1         76Q  76Q N   CA    890  891  135.12  139.70                  -40.30
    2   3856  76Q  77L C   N     897  899 -116.50 -108.50   10.89    0.61  -63.50  174.55   21.84
    2         77L  77L N   CA    899  900  125.11  132.50                  -41.20
    3   3857  77L  78E C   N     905  907 -135.47 -117.80   17.90    0.73  -63.60 -171.47   22.10
    3         78E  78E N   CA    907  908  133.99  136.80                  -40.30
    4   3858  78E  79R C   N     914  916 -135.60 -125.20   10.95    0.53  -63.00 -167.53   22.19
    4         79R  79R N   CA    916  917  137.15  140.60                  -41.10
    5   3859  79R  80D C   N     925  927 -116.87  -96.50   22.20    0.92  -63.30  171.59   18.63
    5         80D  80D N   CA    927  928  123.01  114.20                  -40.00
    6   3860  80D  81Y C   N     933  935 -117.48 -124.30   20.69    0.85  -63.50  168.17   24.20
    6         81Y  81Y N   CA    935  936  115.87  135.40                  -43.40
    7   3861  81Y  82D C   N     945  947 -131.43  -96.50   37.01    1.53  -63.30  179.82   19.23
    7         82D  82D N   CA    947  948  126.42  114.20                  -40.00
    8   3863  83V  84L C   N     960  962 -110.23 -108.50    2.49    0.11  -63.50 -178.39   22.99
    8         84L  84L N   CA    962  963  134.30  132.50                  -41.20
    9   3918 140K 141Q C   N    1455 1457   20.35  -73.00  109.34    6.65  -63.80  149.91   26.27
    9        141Q 141Q N   CA   1457 1458   83.76  140.70                  -40.30
   10   3919 141Q 142L C   N    1464 1466 -140.16 -108.50   36.66    1.62  -63.50 -175.50   30.36
   10        142L 142L N   CA   1466 1467  150.98  132.50                  -41.20
   11   3920 142L 143E C   N    1472 1474 -129.86 -117.80   13.85    0.41  -63.60 -171.87   28.82
   11        143E 143E N   CA   1474 1475  143.62  136.80                  -40.30
   12   3921 143E 144R C   N    1481 1483 -122.24 -125.20    5.18    0.17  -63.00 -172.92   21.96
   12        144R 144R N   CA   1483 1484  136.35  140.60                  -41.10
   13   3922 144R 145D C   N    1492 1494 -123.74  -96.50   31.00    1.28  -63.30  179.48   19.36
   13        145D 145D N   CA   1494 1495  129.00  114.20                  -40.00
   14   3923 145D 146Y C   N    1500 1502 -128.44 -124.30   10.90    0.44  -63.50 -176.97   32.30
   14        146Y 146Y N   CA   1502 1503  145.48  135.40                  -43.40
   15   3924 146Y 147D C   N    1512 1514  -89.22  -96.50   17.28    0.73  -63.30  140.94   15.99
   15        147D 147D N   CA   1514 1515   98.53  114.20                  -40.00
   16   3925 147D 148V C   N    1520 1522  -64.10  -62.40    2.01    0.34 -125.40 -176.24   10.29
   16        148V 148V N   CA   1522 1523  -43.47  -42.40                  143.30
   17   3926 148V 149L C   N    1527 1529  -68.87  -70.70    3.66    0.34  -63.50  174.11   24.49
   17        149L 149L N   CA   1529 1530  144.78  141.60                  -41.20


report______> Distribution of short non-bonded contacts:


DISTANCE1:  0.00 2.10 2.20 2.30 2.40 2.50 2.60 2.70 2.80 2.90 3.00 3.10 3.20 3.30 3.40
DISTANCE2:  2.10 2.20 2.30 2.40 2.50 2.60 2.70 2.80 2.90 3.00 3.10 3.20 3.30 3.40 3.50
FREQUENCY:     0    0    0    0    0   12   59   83  102  154  128  142  204  279  267


<< end of ENERGY.
iupac_m_397W> Atoms were not swapped because of the uncertainty of how to handle the H atom.
>> Model assessment by DOPE potential
iatmcls_286W> MODEL atom not classified:  LYS:OXT  LYS
iatmcls_286W> MODEL atom not classified:  LYS:OXT  LYS


>> ENERGY; Differences between the model's features and restraints:
Number of all residues in MODEL                   :      150
Number of all, selected real atoms                :     1546    1546
Number of all, selected pseudo atoms              :        0       0
Number of all static, selected restraints         :    24492   24492
COVALENT_CYS                                      :        F
NONBONDED_SEL_ATOMS                               :        1
Number of non-bonded pairs (excluding 1-2,1-3,1-4):   228648
Dynamic pairs routine                             : 1, NATM x NATM double loop
Atomic shift for contacts update (UPDATE_DYNAMIC) :    0.390
LENNARD_JONES_SWITCH                              :    6.500   7.500
COULOMB_JONES_SWITCH                              :    6.500   7.500
RESIDUE_SPAN_RANGE                                :        1    9999
NLOGN_USE                                         :       15
CONTACT_SHELL                                     :   15.000
DYNAMIC_PAIRS,_SPHERE,_COULOMB,_LENNARD,_MODELLER :        T       F       F       F       T
SPHERE_STDV                                       :    0.050
RADII_FACTOR                                      :    0.820
Current energy                                    :      -10157.9971




<< end of ENERGY.
DOPE score               : -10157.997070
>> Model assessment by GA341 potential

Surface library          : /usr/lib/modeller9.18/modlib/surf5.de
Pair library             : /usr/lib/modeller9.18/modlib/pair9.de
Chain identifier         : _
% sequence identity      :    47.761002
Sequence length          :           65
Compactness              :     0.104277
Native energy (pair)     :  -134.999117
Native energy (surface)  :    -1.637619
Native energy (combined) :    -9.047724
Z score (pair)           :    -3.748214
Z score (surface)        :    -2.672499
Z score (combined)       :    -4.115497
GA341 score              :     0.985476



>> ENERGY; Differences between the model's features and restraints:
Number of all residues in MODEL                   :      150
Number of all, selected real atoms                :     1546    1546
Number of all, selected pseudo atoms              :        0       0
Number of all static, selected restraints         :    24492   24492
COVALENT_CYS                                      :        F
NONBONDED_SEL_ATOMS                               :        1
Number of non-bonded pairs (excluding 1-2,1-3,1-4):     3575
Dynamic pairs routine                             : 2, NATM x NATM cell sorting
Atomic shift for contacts update (UPDATE_DYNAMIC) :    0.390
LENNARD_JONES_SWITCH                              :    6.500   7.500
COULOMB_JONES_SWITCH                              :    6.500   7.500
RESIDUE_SPAN_RANGE                                :        0   99999
NLOGN_USE                                         :       15
CONTACT_SHELL                                     :    4.000
DYNAMIC_PAIRS,_SPHERE,_COULOMB,_LENNARD,_MODELLER :        T       T       F       F       F
SPHERE_STDV                                       :    0.050
RADII_FACTOR                                      :    0.820
Current energy                                    :         791.8188





Summary of the restraint violations: 

   NUM     ... number of restraints.
   NUMVI   ... number of restraints with RVIOL > VIOL_REPORT_CUT[i].
   RVIOL   ... relative difference from the best value.
   NUMVP   ... number of restraints with -Ln(pdf) > VIOL_REPORT_CUT2[i].
   RMS_1   ... RMS(feature, minimally_violated_basis_restraint, NUMB).
   RMS_2   ... RMS(feature, best_value, NUMB).
   MOL.PDF ... scaled contribution to -Ln(Molecular pdf).

 #                     RESTRAINT_GROUP      NUM   NUMVI  NUMVP   RMS_1   RMS_2         MOL.PDF     S_i
------------------------------------------------------------------------------------------------------
 1 Bond length potential              :    1150       0      0   0.004   0.004      4.7530       1.000
 2 Bond angle potential               :    1538       0      1   1.542   1.542      69.142       1.000
 3 Stereochemical cosine torsion poten:     678       0      4  43.128  43.128      210.16       1.000
 4 Stereochemical improper torsion pot:     434       0      0   1.098   1.098      9.7615       1.000
 5 Soft-sphere overlap restraints     :    3575       2     33   0.019   0.019      149.18       1.000
 6 Lennard-Jones 6-12 potential       :       0       0      0   0.000   0.000      0.0000       1.000
 7 Coulomb point-point electrostatic p:       0       0      0   0.000   0.000      0.0000       1.000
 8 H-bonding potential                :       0       0      0   0.000   0.000      0.0000       1.000
 9 Distance restraints 1 (CA-CA)      :    1400       0      0   0.104   0.104      13.942       1.000
10 Distance restraints 2 (N-O)        :    1477       0      0   0.132   0.132      21.659       1.000
11 Mainchain Phi dihedral restraints  :       0       0      0   0.000   0.000      0.0000       1.000
12 Mainchain Psi dihedral restraints  :       0       0      0   0.000   0.000      0.0000       1.000
13 Mainchain Omega dihedral restraints:     128       0      0   2.547   2.547      9.0801       1.000
14 Sidechain Chi_1 dihedral restraints:     122       0      3  80.779  80.779      44.888       1.000
15 Sidechain Chi_2 dihedral restraints:     106       0      1  78.136  78.136      57.394       1.000
16 Sidechain Chi_3 dihedral restraints:      64       0      0  82.473  82.473      45.564       1.000
17 Sidechain Chi_4 dihedral restraints:      34       0      0  99.017  99.017      25.020       1.000
18 Disulfide distance restraints      :       0       0      0   0.000   0.000      0.0000       1.000
19 Disulfide angle restraints         :       0       0      0   0.000   0.000      0.0000       1.000
20 Disulfide dihedral angle restraints:       0       0      0   0.000   0.000      0.0000       1.000
21 Lower bound distance restraints    :       0       0      0   0.000   0.000      0.0000       1.000
22 Upper bound distance restraints    :       0       0      0   0.000   0.000      0.0000       1.000
23 Distance restraints 3 (SDCH-MNCH)  :    1180       0      0   0.375   0.375      26.150       1.000
24 Sidechain Chi_5 dihedral restraints:       0       0      0   0.000   0.000      0.0000       1.000
25 Phi/Psi pair of dihedral restraints:     126      17      0  12.639  67.176     -87.161       1.000
26 Distance restraints 4 (SDCH-SDCH)  :     491       0      1   0.813   0.813      60.645       1.000
27 Distance restraints 5 (X-Y)        :   15564       0      0   0.026   0.026      131.64       1.000
28 NMR distance restraints 6 (X-Y)    :       0       0      0   0.000   0.000      0.0000       1.000
29 NMR distance restraints 7 (X-Y)    :       0       0      0   0.000   0.000      0.0000       1.000
30 Minimal distance restraints        :       0       0      0   0.000   0.000      0.0000       1.000
31 Non-bonded restraints              :       0       0      0   0.000   0.000      0.0000       1.000
32 Atomic accessibility restraints    :       0       0      0   0.000   0.000      0.0000       1.000
33 Atomic density restraints          :       0       0      0   0.000   0.000      0.0000       1.000
34 Absolute position restraints       :       0       0      0   0.000   0.000      0.0000       1.000
35 Dihedral angle difference restraint:       0       0      0   0.000   0.000      0.0000       1.000
36 GBSA implicit solvent potential    :       0       0      0   0.000   0.000      0.0000       1.000
37 EM density fitting potential       :       0       0      0   0.000   0.000      0.0000       1.000
38 SAXS restraints                    :       0       0      0   0.000   0.000      0.0000       1.000
39 Symmetry restraints                :       0       0      0   0.000   0.000      0.0000       1.000



# Heavy relative violation of each residue is written to: mp.V99990004
# The profile is NOT normalized by the number of restraints.
# The profiles are smoothed over a window of residues:    1
# The sum of all numbers in the file:   17453.3555



List of the violated restraints:
   A restraint is violated when the relative difference
   from the best value (RVIOL) is larger than CUTOFF.

   ICSR   ... index of a restraint in the current set.
   RESNO  ... residue numbers of the first two atoms.
   ATM    ... IUPAC atom names of the first two atoms.
   FEAT   ... the value of the feature in the model.
   restr  ... the mean of the basis restraint with the smallest
              difference from the model (local minimum).
   viol   ... difference from the local minimum.
   rviol  ... relative difference from the local minimum.
   RESTR  ... the best value (global minimum).
   VIOL   ... difference from the best value.
   RVIOL  ... relative difference from the best value.


-------------------------------------------------------------------------------------------------

Feature 25                           : Phi/Psi pair of dihedral restraints     
List of the RVIOL violations larger than   :       6.5000

    #   ICSR  RESNO1/2 ATM1/2   INDATM1/2    FEAT   restr    viol   rviol   RESTR    VIOL   RVIOL
    1   3855  75K  76Q C   N     888  890 -129.29 -121.10    8.60    0.38  -63.80 -170.90   24.92
    1         76Q  76Q N   CA    890  891  137.09  139.70                  -40.30
    2   3856  76Q  77L C   N     897  899 -118.19 -108.50    9.77    0.45  -63.50 -176.71   22.96
    2         77L  77L N   CA    899  900  133.74  132.50                  -41.20
    3   3857  77L  78E C   N     905  907 -130.47 -117.80   12.69    0.49  -63.60 -171.45   22.23
    3         78E  78E N   CA    907  908  135.99  136.80                  -40.30
    4   3858  78E  79R C   N     914  916 -125.69 -125.20   11.70    0.58  -63.00 -178.80   21.07
    4         79R  79R N   CA    916  917  128.91  140.60                  -41.10
    5   3859  79R  80D C   N     925  927 -124.32  -96.50   27.97    1.14  -63.30  168.47   18.08
    5         80D  80D N   CA    927  928  117.04  114.20                  -40.00
    6   3860  80D  81Y C   N     933  935 -119.80 -124.30    8.67    0.34  -63.50 -179.60   26.02
    6         81Y  81Y N   CA    935  936  127.99  135.40                  -43.40
    7   3861  81Y  82D C   N     945  947 -107.53  -96.50   19.82    0.83  -63.30  176.31   19.51
    7         82D  82D N   CA    947  948  130.67  114.20                  -40.00
    8   3863  83V  84L C   N     960  962 -108.17 -108.50   10.94    0.59  -63.50 -179.04   27.87
    8         84L  84L N   CA    962  963  143.44  132.50                  -41.20
    9   3917 139T 140K C   N    1446 1448 -163.30 -118.00   50.98    1.69  -62.90 -173.89   30.13
    9        140K 140K N   CA   1448 1449  162.49  139.10                  -40.80
   10   3918 140K 141Q C   N    1455 1457 -117.88 -121.10    6.58    0.25  -63.80 -177.54   24.35
   10        141Q 141Q N   CA   1457 1458  133.96  139.70                  -40.30
   11   3919 141Q 142L C   N    1464 1466 -117.57 -108.50    9.24    0.42  -63.50 -176.38   23.02
   11        142L 142L N   CA   1466 1467  134.27  132.50                  -41.20
   12   3920 142L 143E C   N    1472 1474 -131.78 -117.80   14.16    0.47  -63.60 -168.12   22.62
   12        143E 143E N   CA   1474 1475  139.05  136.80                  -40.30
   13   3921 143E 144R C   N    1481 1483 -123.30 -125.20   14.38    0.65  -63.00  177.97   20.74
   13        144R 144R N   CA   1483 1484  126.35  140.60                  -41.10
   14   3922 144R 145D C   N    1492 1494 -127.28  -96.50   30.80    1.26  -63.30  166.03   17.74
   14        145D 145D N   CA   1494 1495  113.21  114.20                  -40.00
   15   3923 145D 146Y C   N    1500 1502 -120.05 -124.30    7.51    0.30  -63.50 -178.36   26.20
   15        146Y 146Y N   CA   1502 1503  129.21  135.40                  -43.40
   16   3924 146Y 147D C   N    1512 1514 -107.71  -96.50   19.27    0.81  -63.30  175.59   19.42
   16        147D 147D N   CA   1514 1515  129.88  114.20                  -40.00
   17   3926 148V 149L C   N    1527 1529 -110.78 -108.50    5.16    0.29  -63.50  175.56   22.15
   17        149L 149L N   CA   1529 1530  127.87  132.50                  -41.20


report______> Distribution of short non-bonded contacts:


DISTANCE1:  0.00 2.10 2.20 2.30 2.40 2.50 2.60 2.70 2.80 2.90 3.00 3.10 3.20 3.30 3.40
DISTANCE2:  2.10 2.20 2.30 2.40 2.50 2.60 2.70 2.80 2.90 3.00 3.10 3.20 3.30 3.40 3.50
FREQUENCY:     0    0    0    0    0   17   60   84  109  145  140  163  216  284  257


<< end of ENERGY.
>> Model assessment by DOPE potential
iatmcls_286W> MODEL atom not classified:  LYS:OXT  LYS
iatmcls_286W> MODEL atom not classified:  LYS:OXT  LYS


>> ENERGY; Differences between the model's features and restraints:
Number of all residues in MODEL                   :      150
Number of all, selected real atoms                :     1546    1546
Number of all, selected pseudo atoms              :        0       0
Number of all static, selected restraints         :    24492   24492
COVALENT_CYS                                      :        F
NONBONDED_SEL_ATOMS                               :        1
Number of non-bonded pairs (excluding 1-2,1-3,1-4):   226618
Dynamic pairs routine                             : 1, NATM x NATM double loop
Atomic shift for contacts update (UPDATE_DYNAMIC) :    0.390
LENNARD_JONES_SWITCH                              :    6.500   7.500
COULOMB_JONES_SWITCH                              :    6.500   7.500
RESIDUE_SPAN_RANGE                                :        1    9999
NLOGN_USE                                         :       15
CONTACT_SHELL                                     :   15.000
DYNAMIC_PAIRS,_SPHERE,_COULOMB,_LENNARD,_MODELLER :        T       F       F       F       T
SPHERE_STDV                                       :    0.050
RADII_FACTOR                                      :    0.820
Current energy                                    :      -10396.0332




<< end of ENERGY.
DOPE score               : -10396.033203
>> Model assessment by GA341 potential

Surface library          : /usr/lib/modeller9.18/modlib/surf5.de
Pair library             : /usr/lib/modeller9.18/modlib/pair9.de
Chain identifier         : _
% sequence identity      :    47.761002
Sequence length          :           65
Compactness              :     0.102942
Native energy (pair)     :  -128.192435
Native energy (surface)  :    -1.847981
Native energy (combined) :    -8.674051
Z score (pair)           :    -3.541864
Z score (surface)        :    -2.712034
Z score (combined)       :    -4.019531
GA341 score              :     0.978417



>> ENERGY; Differences between the model's features and restraints:
Number of all residues in MODEL                   :      150
Number of all, selected real atoms                :     1546    1546
Number of all, selected pseudo atoms              :        0       0
Number of all static, selected restraints         :    24492   24492
COVALENT_CYS                                      :        F
NONBONDED_SEL_ATOMS                               :        1
Number of non-bonded pairs (excluding 1-2,1-3,1-4):     3407
Dynamic pairs routine                             : 2, NATM x NATM cell sorting
Atomic shift for contacts update (UPDATE_DYNAMIC) :    0.390
LENNARD_JONES_SWITCH                              :    6.500   7.500
COULOMB_JONES_SWITCH                              :    6.500   7.500
RESIDUE_SPAN_RANGE                                :        0   99999
NLOGN_USE                                         :       15
CONTACT_SHELL                                     :    4.000
DYNAMIC_PAIRS,_SPHERE,_COULOMB,_LENNARD,_MODELLER :        T       T       F       F       F
SPHERE_STDV                                       :    0.050
RADII_FACTOR                                      :    0.820
Current energy                                    :         805.9095





Summary of the restraint violations: 

   NUM     ... number of restraints.
   NUMVI   ... number of restraints with RVIOL > VIOL_REPORT_CUT[i].
   RVIOL   ... relative difference from the best value.
   NUMVP   ... number of restraints with -Ln(pdf) > VIOL_REPORT_CUT2[i].
   RMS_1   ... RMS(feature, minimally_violated_basis_restraint, NUMB).
   RMS_2   ... RMS(feature, best_value, NUMB).
   MOL.PDF ... scaled contribution to -Ln(Molecular pdf).

 #                     RESTRAINT_GROUP      NUM   NUMVI  NUMVP   RMS_1   RMS_2         MOL.PDF     S_i
------------------------------------------------------------------------------------------------------
 1 Bond length potential              :    1150       0      0   0.004   0.004      4.4180       1.000
 2 Bond angle potential               :    1538       0      0   1.499   1.499      66.151       1.000
 3 Stereochemical cosine torsion poten:     678       0      5  43.129  43.129      211.12       1.000
 4 Stereochemical improper torsion pot:     434       0      0   1.192   1.192      11.376       1.000
 5 Soft-sphere overlap restraints     :    3407       2     32   0.019   0.019      145.52       1.000
 6 Lennard-Jones 6-12 potential       :       0       0      0   0.000   0.000      0.0000       1.000
 7 Coulomb point-point electrostatic p:       0       0      0   0.000   0.000      0.0000       1.000
 8 H-bonding potential                :       0       0      0   0.000   0.000      0.0000       1.000
 9 Distance restraints 1 (CA-CA)      :    1400       0      0   0.102   0.102      13.514       1.000
10 Distance restraints 2 (N-O)        :    1477       0      0   0.133   0.133      22.156       1.000
11 Mainchain Phi dihedral restraints  :       0       0      0   0.000   0.000      0.0000       1.000
12 Mainchain Psi dihedral restraints  :       0       0      0   0.000   0.000      0.0000       1.000
13 Mainchain Omega dihedral restraints:     128       0      0   2.597   2.597      9.5446       1.000
14 Sidechain Chi_1 dihedral restraints:     122       0      2  81.395  81.395      41.953       1.000
15 Sidechain Chi_2 dihedral restraints:     106       0      2  77.545  77.545      51.756       1.000
16 Sidechain Chi_3 dihedral restraints:      64       0      0  85.812  85.812      48.086       1.000
17 Sidechain Chi_4 dihedral restraints:      34       0      0 102.645 102.645      25.206       1.000
18 Disulfide distance restraints      :       0       0      0   0.000   0.000      0.0000       1.000
19 Disulfide angle restraints         :       0       0      0   0.000   0.000      0.0000       1.000
20 Disulfide dihedral angle restraints:       0       0      0   0.000   0.000      0.0000       1.000
21 Lower bound distance restraints    :       0       0      0   0.000   0.000      0.0000       1.000
22 Upper bound distance restraints    :       0       0      0   0.000   0.000      0.0000       1.000
23 Distance restraints 3 (SDCH-MNCH)  :    1180       0      0   0.449   0.449      33.369       1.000
24 Sidechain Chi_5 dihedral restraints:       0       0      0   0.000   0.000      0.0000       1.000
25 Phi/Psi pair of dihedral restraints:     126      17      0  12.996  67.014     -87.366       1.000
26 Distance restraints 4 (SDCH-SDCH)  :     491       0      0   0.887   0.887      60.099       1.000
27 Distance restraints 5 (X-Y)        :   15564       0      0   0.028   0.028      149.01       1.000
28 NMR distance restraints 6 (X-Y)    :       0       0      0   0.000   0.000      0.0000       1.000
29 NMR distance restraints 7 (X-Y)    :       0       0      0   0.000   0.000      0.0000       1.000
30 Minimal distance restraints        :       0       0      0   0.000   0.000      0.0000       1.000
31 Non-bonded restraints              :       0       0      0   0.000   0.000      0.0000       1.000
32 Atomic accessibility restraints    :       0       0      0   0.000   0.000      0.0000       1.000
33 Atomic density restraints          :       0       0      0   0.000   0.000      0.0000       1.000
34 Absolute position restraints       :       0       0      0   0.000   0.000      0.0000       1.000
35 Dihedral angle difference restraint:       0       0      0   0.000   0.000      0.0000       1.000
36 GBSA implicit solvent potential    :       0       0      0   0.000   0.000      0.0000       1.000
37 EM density fitting potential       :       0       0      0   0.000   0.000      0.0000       1.000
38 SAXS restraints                    :       0       0      0   0.000   0.000      0.0000       1.000
39 Symmetry restraints                :       0       0      0   0.000   0.000      0.0000       1.000



# Heavy relative violation of each residue is written to: mp.V99990005
# The profile is NOT normalized by the number of restraints.
# The profiles are smoothed over a window of residues:    1
# The sum of all numbers in the file:   17757.7930



List of the violated restraints:
   A restraint is violated when the relative difference
   from the best value (RVIOL) is larger than CUTOFF.

   ICSR   ... index of a restraint in the current set.
   RESNO  ... residue numbers of the first two atoms.
   ATM    ... IUPAC atom names of the first two atoms.
   FEAT   ... the value of the feature in the model.
   restr  ... the mean of the basis restraint with the smallest
              difference from the model (local minimum).
   viol   ... difference from the local minimum.
   rviol  ... relative difference from the local minimum.
   RESTR  ... the best value (global minimum).
   VIOL   ... difference from the best value.
   RVIOL  ... relative difference from the best value.


-------------------------------------------------------------------------------------------------

Feature 25                           : Phi/Psi pair of dihedral restraints     
List of the RVIOL violations larger than   :       6.5000

    #   ICSR  RESNO1/2 ATM1/2   INDATM1/2    FEAT   restr    viol   rviol   RESTR    VIOL   RVIOL
    1   3855  75K  76Q C   N     888  890 -129.75 -121.10    8.71    0.35  -63.80 -169.27   25.14
    1         76Q  76Q N   CA    890  891  138.66  139.70                  -40.30
    2   3856  76Q  77L C   N     897  899 -114.24 -108.50    5.81    0.29  -63.50 -179.90   22.65
    2         77L  77L N   CA    899  900  131.61  132.50                  -41.20
    3   3857  77L  78E C   N     905  907 -130.68 -117.80   12.92    0.45  -63.60 -169.68   22.45
    3         78E  78E N   CA    907  908  137.81  136.80                  -40.30
    4   3858  78E  79R C   N     914  916 -124.53 -125.20   12.58    0.59  -63.00  179.98   20.96
    4         79R  79R N   CA    916  917  128.04  140.60                  -41.10
    5   3859  79R  80D C   N     925  927 -126.28  -96.50   30.15    1.23  -63.30  162.21   17.32
    5         80D  80D N   CA    927  928  109.49  114.20                  -40.00
    6   3860  80D  81Y C   N     933  935 -121.20 -124.30    6.06    0.24  -63.50 -177.07   26.36
    6         81Y  81Y N   CA    935  936  130.19  135.40                  -43.40
    7   3861  81Y  82D C   N     945  947 -107.37  -96.50   17.98    0.75  -63.30  174.19   19.26
    7         82D  82D N   CA    947  948  128.53  114.20                  -40.00
    8   3863  83V  84L C   N     960  962 -115.77 -108.50   17.97    0.88  -63.50  177.72   27.90
    8         84L  84L N   CA    962  963  148.94  132.50                  -41.20
    9   3917 139T 140K C   N    1446 1448 -163.65 -118.00   49.33    1.64  -62.90 -169.75   30.69
    9        140K 140K N   CA   1448 1449  157.81  139.10                  -40.80
   10   3918 140K 141Q C   N    1455 1457 -119.94 -121.10    8.52    0.38  -63.80 -179.48   24.00
   10        141Q 141Q N   CA   1457 1458  131.26  139.70                  -40.30
   11   3919 141Q 142L C   N    1464 1466 -118.03 -108.50    9.59    0.47  -63.50 -178.92   22.67
   11        142L 142L N   CA   1466 1467  131.48  132.50                  -41.20
   12   3920 142L 143E C   N    1472 1474 -135.15 -117.80   17.35    0.64  -63.60 -169.01   22.42
   12        143E 143E N   CA   1474 1475  136.77  136.80                  -40.30
   13   3921 143E 144R C   N    1481 1483 -128.69 -125.20   10.08    0.54  -63.00 -175.66   21.37
   13        144R 144R N   CA   1483 1484  131.14  140.60                  -41.10
   14   3922 144R 145D C   N    1492 1494 -123.37  -96.50   26.87    1.10  -63.30  165.43   17.75
   14        145D 145D N   CA   1494 1495  114.14  114.20                  -40.00
   15   3923 145D 146Y C   N    1500 1502 -117.76 -124.30   14.35    0.57  -63.50  174.67   25.20
   15        146Y 146Y N   CA   1502 1503  122.63  135.40                  -43.40
   16   3924 146Y 147D C   N    1512 1514 -119.93  -96.50   23.95    0.98  -63.30  168.93   18.23
   16        147D 147D N   CA   1514 1515  119.15  114.20                  -40.00
   17   3926 148V 149L C   N    1527 1529 -115.58 -108.50   12.52    0.59  -63.50 -176.48   28.69
   17        149L 149L N   CA   1529 1530  142.83  132.50                  -41.20


report______> Distribution of short non-bonded contacts:


DISTANCE1:  0.00 2.10 2.20 2.30 2.40 2.50 2.60 2.70 2.80 2.90 3.00 3.10 3.20 3.30 3.40
DISTANCE2:  2.10 2.20 2.30 2.40 2.50 2.60 2.70 2.80 2.90 3.00 3.10 3.20 3.30 3.40 3.50
FREQUENCY:     0    0    0    0    0    9   52   92  112  123  141  156  183  263  256


<< end of ENERGY.

>> Summary of successfully produced models:
Filename                          molpdf     DOPE score    GA341 score
----------------------------------------------------------------------
mp.B99990001.pdb               791.48096   -10245.17578        0.98191
mp.B99990002.pdb               844.59070   -10277.39160        0.94489
mp.B99990003.pdb               805.40216   -10485.16113        0.98760
mp.B99990004.pdb               791.81879   -10157.99707        0.98548
mp.B99990005.pdb               805.90948   -10396.03320        0.97842

Total CPU time [seconds]                                 :      60.45
