./buildali_uniref50_dssp.pl  /bmm/www/servers/phyre2/public_html/phyre2_output/bea6d51c2d26db4b/query.fasta  /bmm/www/servers/phyre2/public_html/phyre2_output/bea6d51c2d26db4b 
$ ./reformat.pl -M first -noss a3m a3m /bmm/www/servers/phyre2/public_html/phyre2_output/bea6d51c2d26db4b/query.fasta /tmp/phyre2/21655/query.in.a3m -> 1
$ ./reformat.pl -r a3m psi /tmp/phyre2/21655/query.in.a3m /tmp/phyre2/21655/query.psi -> 1

************************************************
 Building alignment for /tmp/phyre2/21655/query (fac______)
************************************************
Building alignment for query with PSI-BLAST ...
$ /bmm/www/servers/phyre2/bin/blast/blastpgp -I T -s T -b 20000 -v 1 -e 0.001 -d /data/data/blast/uniref50.fasta -i /tmp/phyre2/21655/query.seq &> /tmp/phyre2/21655/query.bla
$ ./alignhits.pl -cov 80 -e 0.001  -bl 0.33 -bs 0.67  -best -psi -q /tmp/phyre2/21655/query.seq /tmp/phyre2/21655/query.bla /tmp/phyre2/21655/query.core.psi -> 326
$ ./alignhits.pl -cov 80 -e 0.001  -bl 0 -bs 0.167 -bg 20 -B /tmp/phyre2/21655/query.core.psi  -best -psi -q /tmp/phyre2/21655/query.seq /tmp/phyre2/21655/query.bla /tmp/phyre2/21655/query.psi -> 472
$ ./alignhits.pl -cov 80 -e 0.001  -bl 0 -bs 0.167 -bg 20 -B /tmp/phyre2/21655/query.core.psi  -best -a3m -q /tmp/phyre2/21655/query.seq /tmp/phyre2/21655/query.bla /tmp/phyre2/21655/query.a3m -> 472
Found 472 sequences in PSI-BLAST round 1 (E-value<1E-03, coverage>20%, db=uniref50.fasta)

$ /bmm/www/servers/phyre2/bin/blast/blastpgp -I T -s T -b 20000 -v 1 -e 0.001 -d /data/data/blast/uniref50.fasta -i /tmp/phyre2/21655/query.seq -B /tmp/phyre2/21655/query.psi &> /tmp/phyre2/21655/query.bla
$ ./alignhits.pl -cov 20 -e 0.001   -bl 0 -bs 0.167 -bg 20 -B /tmp/phyre2/21655/query.core.psi   -a3m -q /tmp/phyre2/21655/query.seq /tmp/phyre2/21655/query.bla /tmp/phyre2/21655/query.tmp -> 2797
$ cat /tmp/phyre2/21655/query.tmp >> /tmp/phyre2/21655/query.a3m
$ ./alignhits.pl -cov 20 -e 0.001   -bl 0 -bs 0.167 -bg 20 -B /tmp/phyre2/21655/query.core.psi   -psi -q /tmp/phyre2/21655/query.seq /tmp/phyre2/21655/query.bla /tmp/phyre2/21655/query.tmp -> 2797
$ cat /tmp/phyre2/21655/query.tmp >> /tmp/phyre2/21655/query.psi
Found 2797 sequences in PSI-BLAST round 2 (E-value<1E-03, coverage>20%, db=uniref50.fasta)

$ /bmm/www/servers/phyre2/bin/blast/blastpgp -I T -s T -b 20000 -v 1 -e 0.001 -d /data/data/blast/uniref50.fasta -i /tmp/phyre2/21655/query.seq -B /tmp/phyre2/21655/query.psi &> /tmp/phyre2/21655/query.bla
$ ./alignhits.pl -cov 20 -e 0.001   -bl 0 -bs 0.167 -bg 20 -B /tmp/phyre2/21655/query.core.psi   -a3m -q /tmp/phyre2/21655/query.seq /tmp/phyre2/21655/query.bla /tmp/phyre2/21655/query.tmp -> 2839
$ cat /tmp/phyre2/21655/query.tmp >> /tmp/phyre2/21655/query.a3m
$ ./alignhits.pl -cov 20 -e 0.001   -bl 0 -bs 0.167 -bg 20 -B /tmp/phyre2/21655/query.core.psi   -psi -q /tmp/phyre2/21655/query.seq /tmp/phyre2/21655/query.bla /tmp/phyre2/21655/query.tmp -> 2839
$ cat /tmp/phyre2/21655/query.tmp >> /tmp/phyre2/21655/query.psi
Found 2839 sequences in PSI-BLAST round 3 (E-value<1E-03, coverage>20%, db=uniref50.fasta)

$ /bmm/www/servers/phyre2/bin/blast/blastpgp -I T -s T -b 20000 -v 1 -e 0.001 -d /data/data/blast/uniref50.fasta -i /tmp/phyre2/21655/query.seq -B /tmp/phyre2/21655/query.psi &> /tmp/phyre2/21655/query.bla
$ ./alignhits.pl -cov 20 -e 0.001   -bl 0 -bs 0.167 -bg 20 -B /tmp/phyre2/21655/query.core.psi   -a3m -q /tmp/phyre2/21655/query.seq /tmp/phyre2/21655/query.bla /tmp/phyre2/21655/query.tmp -> 2582
$ cat /tmp/phyre2/21655/query.tmp >> /tmp/phyre2/21655/query.a3m
$ ./alignhits.pl -cov 20 -e 0.001   -bl 0 -bs 0.167 -bg 20 -B /tmp/phyre2/21655/query.core.psi   -psi -q /tmp/phyre2/21655/query.seq /tmp/phyre2/21655/query.bla /tmp/phyre2/21655/query.tmp -> 2582
$ cat /tmp/phyre2/21655/query.tmp >> /tmp/phyre2/21655/query.psi
Found 2582 sequences in PSI-BLAST round 4 (E-value<1E-03, coverage>20%, db=uniref50.fasta)

$ /bmm/www/servers/phyre2/bin/blast/blastpgp -I T -s T -b 20000 -v 1 -e 0.001 -d /data/data/blast/uniref50.fasta -i /tmp/phyre2/21655/query.seq -B /tmp/phyre2/21655/query.psi &> /tmp/phyre2/21655/query.bla
$ ./alignhits.pl -cov 20 -e 0.001   -bl 0 -bs 0.167 -bg 20 -B /tmp/phyre2/21655/query.core.psi   -a3m -q /tmp/phyre2/21655/query.seq /tmp/phyre2/21655/query.bla /tmp/phyre2/21655/query.tmp -> 2571
$ cat /tmp/phyre2/21655/query.tmp >> /tmp/phyre2/21655/query.a3m
$ ./alignhits.pl -cov 20 -e 0.001   -bl 0 -bs 0.167 -bg 20 -B /tmp/phyre2/21655/query.core.psi   -psi -q /tmp/phyre2/21655/query.seq /tmp/phyre2/21655/query.bla /tmp/phyre2/21655/query.tmp -> 2571
$ cat /tmp/phyre2/21655/query.tmp >> /tmp/phyre2/21655/query.psi
Found 2571 sequences in PSI-BLAST round 5 (E-value<1E-03, coverage>20%, db=uniref50.fasta)

$ /bmm/www/servers/phyre2/bin/blast/blastpgp -I T -s T -b 20000 -v 1 -e 0.001 -d /data/data/blast/uniref50.fasta -i /tmp/phyre2/21655/query.seq -B /tmp/phyre2/21655/query.psi &> /tmp/phyre2/21655/query.bla
$ ./alignhits.pl -cov 20 -e 0.001   -bl 0 -bs 0.167 -bg 20 -B /tmp/phyre2/21655/query.core.psi   -a3m -q /tmp/phyre2/21655/query.seq /tmp/phyre2/21655/query.bla /tmp/phyre2/21655/query.tmp -> 2561
$ cat /tmp/phyre2/21655/query.tmp >> /tmp/phyre2/21655/query.a3m
$ ./alignhits.pl -cov 20 -e 0.001   -bl 0 -bs 0.167 -bg 20 -B /tmp/phyre2/21655/query.core.psi   -psi -q /tmp/phyre2/21655/query.seq /tmp/phyre2/21655/query.bla /tmp/phyre2/21655/query.tmp -> 2561
$ cat /tmp/phyre2/21655/query.tmp >> /tmp/phyre2/21655/query.psi
Found 2561 sequences in PSI-BLAST round 6 (E-value<1E-03, coverage>20%, db=uniref50.fasta)

$ /bmm/www/servers/phyre2/bin/blast/blastpgp -I T -s T -b 20000 -v 1 -e 0.001 -d /data/data/blast/uniref50.fasta -i /tmp/phyre2/21655/query.seq -B /tmp/phyre2/21655/query.psi &> /tmp/phyre2/21655/query.bla
$ ./alignhits.pl -cov 20 -e 0.001   -bl 0 -bs 0.167 -bg 20 -B /tmp/phyre2/21655/query.core.psi   -a3m -q /tmp/phyre2/21655/query.seq /tmp/phyre2/21655/query.bla /tmp/phyre2/21655/query.tmp -> 2550
$ cat /tmp/phyre2/21655/query.tmp >> /tmp/phyre2/21655/query.a3m
$ ./alignhits.pl -cov 20 -e 0.001   -bl 0 -bs 0.167 -bg 20 -B /tmp/phyre2/21655/query.core.psi   -psi -q /tmp/phyre2/21655/query.seq /tmp/phyre2/21655/query.bla /tmp/phyre2/21655/query.tmp -> 2550
$ cat /tmp/phyre2/21655/query.tmp >> /tmp/phyre2/21655/query.psi
Found 2550 sequences in PSI-BLAST round 7 (E-value<1E-03, coverage>20%, db=uniref50.fasta)

$ /bmm/www/servers/phyre2/bin/blast/blastpgp -I T -s T -b 20000 -v 1 -e 0.001 -d /data/data/blast/uniref50.fasta -i /tmp/phyre2/21655/query.seq -B /tmp/phyre2/21655/query.psi &> /tmp/phyre2/21655/query.bla
$ ./alignhits.pl -cov 20 -e 0.001   -bl 0 -bs 0.167 -bg 20 -B /tmp/phyre2/21655/query.core.psi   -a3m -q /tmp/phyre2/21655/query.seq /tmp/phyre2/21655/query.bla /tmp/phyre2/21655/query.tmp -> 2563
Found 2563 sequences in PSI-BLAST round 8 (E-value<1E-03, coverage>20%, db=uniref50.fasta)

$ cat /tmp/phyre2/21655/query.tmp >> /tmp/phyre2/21655/query.a3m
$ ./alignhits.pl -cov 20 -e 0.001   -bl 0 -bs 0.167 -bg 20 -B /tmp/phyre2/21655/query.core.psi   -psi -q /tmp/phyre2/21655/query.seq /tmp/phyre2/21655/query.bla /tmp/phyre2/21655/query.tmp -> 2563
$ cat /tmp/phyre2/21655/query.tmp >> /tmp/phyre2/21655/query.psi
$ ./hhfilter -M a3m -id 90  -cov 20 -diff 0 -i /tmp/phyre2/21655/query.a3m -o /tmp/phyre2/21655/query.fil
Input file = /tmp/phyre2/21655/query.a3m
Output file = /tmp/phyre2/21655/query.fil
Read /tmp/phyre2/21655/query.a3m with 18935 sequences
Alignment in /tmp/phyre2/21655/query.a3m contains 65 match states
1842 out of 18935 sequences passed filter (20% min coverage, 90% max pairwise sequence identity)
$ ./reformat.pl -r a3m psi /tmp/phyre2/21655/query.fil /tmp/phyre2/21655/query.psi -> 1842
Read DSSP state sequence

Searching DSSP state assignments...
name=fac______  range=
WARNING: Cannot open /bmm/data/dssp//fac______.dssp: No such file or directory
WARNING Cannot open /pdbfac______.ent: No such file or directory
Predicting secondary structure with PSIPRED ...
$ /bmm/www/servers/phyre2/bin/blast/blastpgp -I T -s T -b 1 -j 1 -h 0.001 -d /bmm/www/servers/phyre/public_html/Version_1.1/data/dummydb -i /tmp/phyre2/21655/query.seq -B /tmp/phyre2/21655/query.psi -C /tmp/phyre2/21655/query.chk &> /tmp/phyre2/21655/query.bla
$ /bmm/www/servers/phyre2/bin/psipred25/bin/psipred /tmp/phyre2/21655/query.mtx /bmm/www/servers/phyre2/bin/psipred25/data/weights.dat /bmm/www/servers/phyre2/bin/psipred25/data/weights.dat2 /bmm/www/servers/phyre2/bin/psipred25/data/weights.dat3 /bmm/www/servers/phyre2/bin/psipred25/data/weights.dat4 > /tmp/phyre2/21655/query.ss
$ /bmm/www/servers/phyre2/bin/psipred25/bin/psipass2 /bmm/www/servers/phyre2/bin/psipred25/data/weights_p2.dat 1 0.98 1.09 /tmp/phyre2/21655/query.ss2 /tmp/phyre2/21655/query.ss > /tmp/phyre2/21655/query.horiz
$ cat /tmp/phyre2/21655/query.a3m /tmp/phyre2/21655/query.in.a3m /tmp/phyre2/21655/query.fil > /tmp/phyre2/21655/query.tmp.a3m
$ ./hhfilter -M a3m -id 90  -cov 20 -diff 0 -i /tmp/phyre2/21655/query.tmp.a3m -o /bmm/www/servers/phyre2/public_html/phyre2_output/bea6d51c2d26db4b/query.a3m
Input file = /tmp/phyre2/21655/query.tmp.a3m
Output file = /bmm/www/servers/phyre2/public_html/phyre2_output/bea6d51c2d26db4b/query.a3m
Read /tmp/phyre2/21655/query.tmp.a3m with 1845 sequences
Alignment in /tmp/phyre2/21655/query.tmp.a3m contains 65 match states
1842 out of 1843 sequences passed filter (20% min coverage, 90% max pairwise sequence identity)
Written alignment with 1842 sequences to /bmm/www/servers/phyre2/public_html/phyre2_output/bea6d51c2d26db4b/query.a3m

Finished  buildali.pl /bmm/www/servers/phyre2/public_html/phyre2_output/bea6d51c2d26db4b/query.fasta /bmm/www/servers/phyre2/public_html/phyre2_output/bea6d51c2d26db4b
